2020-03-13 01:03:54	localhost	/project/controller/Api.php?userid=7	|	SELECT *
				FROM user
				WHERE user_id = '7'	
2020-03-13 01:03:01	localhost	/project/controller/Api.php?userid=7	|	SELECT *
				FROM user
				WHERE user_id = '7'	
2020-03-13 01:03:37	localhost	/project/controller/Api.php?userid=7	|	SELECT *
				FROM user
				WHERE user_id = '7'	
2020-03-13 01:03:41	localhost	/project/controller/Api.php?userid=7	|	SELECT *
				FROM user
				WHERE user_id = '7'	
2020-03-13 01:03:39	localhost	/project/controller/Api.php?userid=7	|	SELECT *
				FROM user
				WHERE user_id = '7'	
2020-03-13 01:03:46	localhost	/project/controller/Api.php?userid=7	|	SELECT *
				FROM user
				WHERE user_id = '7'	
2020-03-13 01:03:13	localhost	/project/controller/Api.php?userid=7	|	SELECT *
				FROM user
				WHERE user_id = '7'	
2020-03-13 01:03:04	localhost	/project/controller/Api.php?userid=7	|	SELECT *
				FROM user
				WHERE user_id = '7'	
2020-03-13 01:03:07	localhost	/project/controller/Api.php?userid=7	|	SELECT *
				FROM user
				WHERE user_id = '7'	
2020-03-13 01:03:42	localhost	/project/controller/Api.php?userid=7	|	SELECT *
				FROM user
				WHERE user_id = '7'	
2020-03-13 01:03:42	localhost	/project/controller/Api.php?userid=7	|	SELECT *
				FROM user
				WHERE user_id = '7'	
2020-03-13 01:03:42	localhost	/project/controller/Api.php?userid=7	|	SELECT *
				FROM user
				WHERE user_id = '7'	
2020-03-13 01:03:45	localhost	/project/controller/Api.php?userid=7	|	SELECT *
				FROM user
				WHERE user_id = '7'	
2020-03-13 01:03:10	localhost	/project/controller/Api.php?userid=7	|	SELECT *
				FROM user
				WHERE user_id = '7'	
2020-03-13 01:03:38	localhost	/project/controller/Api.php?userid=7	|	SELECT *
				FROM user
				WHERE user_id = '7'	
2020-03-13 01:03:40	localhost	/project/controller/Api.php?userid=7	|	SELECT *
				FROM user
				WHERE user_id = '7'	
2020-03-13 01:03:56	localhost	/project/controller/Api.php?userid=7	|	SELECT *
				FROM user
				WHERE user_id = '7'	
2020-03-13 01:03:24	localhost	/project/controller/Api.php?userid=7	|	SELECT *
				FROM user
				WHERE user_id = '7'	
2020-03-13 01:03:33	localhost	/project/controller/Api.php?userid=7	|	SELECT *
				FROM user
				WHERE user_id = '7'	
2020-03-13 01:03:39	localhost	/project/controller/Api.php?userid=7	|	SELECT *
				FROM user
				WHERE user_id = '7'	
2020-03-13 01:03:08	localhost	/project/controller/Api.php?userid=7	|	SELECT *
				FROM user
				WHERE user_id = '7'	
2020-03-13 01:03:27	localhost	/project/controller/Api.php?userid=7	|	SELECT *
				FROM user
				WHERE user_id = '7'	
2020-03-13 01:03:00	localhost	/project/controller/Api.php?userid=7	|	SELECT *
				FROM user
				WHERE user_id = '7'	
2020-03-13 01:03:50	localhost	/project/controller/Api.php?userid=7	|	SELECT *
				FROM user
				WHERE user_id = '7'	
2020-03-13 01:03:52	localhost	/project/controller/Api.php?userid=7	|	SELECT *
				FROM user
				WHERE user_id = '7'	
2020-03-13 01:03:15	localhost	/project/controller/Api.php?userid=7	|	SELECT *
				FROM user
				WHERE user_id = '7'	
2020-03-13 01:03:53	localhost	/project/controller/Api.php?userid=7	|	SELECT *
				FROM user
				WHERE user_id = '7'	
2020-03-13 01:03:44	localhost	/project/controller/Api.php?userid=7	|	SELECT *
				FROM user
				WHERE user_id = '7'	
2020-03-13 02:03:21	localhost	/project/controller/Api.php?userid=7	|	SELECT *
				FROM user
				WHERE user_id = '7'	
2020-03-13 02:03:56	localhost	/project/controller/Api.php?userid=7	|	SELECT *
				FROM user
				WHERE user_id = '7'	
2020-03-13 02:03:08	localhost	/project/controller/Api.php?userid=7	|	SELECT *
				FROM user
				WHERE user_id = '7'	
2020-03-13 02:03:30	localhost	/project/controller/Api.php?userid=7	|	SELECT *
				FROM user
				WHERE user_id = '7'	
2020-03-13 02:03:48	localhost	/project/controller/Api.php?userid=7	|	SELECT *
				FROM user
				WHERE user_id = '7'	
2020-03-13 02:03:56	localhost	/project/controller/Api.php?userid=7	|	SELECT *
				FROM user
				WHERE user_id = '7'	
2020-03-13 02:03:04	localhost	/project/controller/Api.php?userid=7	|	SELECT *
				FROM user
				WHERE user_id = '7'	
2020-03-13 02:03:38	localhost	/project/controller/Api.php?userid=7	|	SELECT *
				FROM user
				WHERE user_id = '7'	
2020-03-13 02:03:12	localhost	/project/controller/Api.php?userid=7	|	SELECT *
				FROM user
				WHERE user_id = '7'	
2020-03-13 02:03:02	localhost	/project/controller/Api.php?userid=7	|	SELECT *
				FROM user
				WHERE user_id = '7'	
2020-03-13 02:03:04	localhost	/project/controller/Api.php?userid=7	|	SELECT *
				FROM user
				WHERE user_id = '7'	
2020-03-13 02:03:40	localhost	/project/controller/Api.php?userid=7	|	SELECT *
				FROM user
				WHERE user_id = '7'	
2020-03-13 02:03:41	localhost	/project/controller/Api.php?userid=7	|	SELECT *
				FROM user
				WHERE user_id = '7'	
2020-03-13 02:03:11	localhost	/project/controller/Api.php?userid=7	|	SELECT *
				FROM user
				WHERE user_id = '7'	
2020-03-13 02:03:54	localhost	/project/controller/Api.php?userid=7	|	SELECT *
				FROM user
				WHERE user_id = '7'	
2020-03-13 02:03:01	localhost	/project/controller/Api.php?userid=7	|	SELECT *
				FROM user
				WHERE user_id = '7'	
2020-03-13 02:03:09	localhost	/project/controller/Api.php?userid=7	|	SELECT *
				FROM user
				WHERE user_id = '7'	
2020-03-13 02:03:22	localhost	/project/controller/Api.php?userid=7	|	SELECT *
				FROM user
				WHERE user_id = '7'	
2020-03-13 02:03:25	localhost	/project/controller/Api.php?userid=7	|	SELECT *
				FROM user
				WHERE user_id = '7'	
2020-03-13 02:03:29	localhost	/project/controller/Api.php?userid=7	|	SELECT *
				FROM user
				WHERE user_id = '7'	
2020-03-13 02:03:29	localhost	/project/controller/Api.php?userid=6	|	SELECT *
				FROM user
				WHERE user_id = '6'	
2020-03-13 02:03:38	localhost	/project/controller/Api.php?userid=7	|	SELECT *
				FROM user
				WHERE user_id = '7'	
2020-03-13 02:03:00	localhost	/project/controller/Api.php?userid=7	|	SELECT *
				FROM user
				WHERE user_id = '7'	
2020-03-13 02:03:20	localhost	/project/controller/Api.php?userid=7	|	SELECT *
				FROM user
				WHERE user_id = '7'	
2020-03-13 02:03:20	localhost	/project/controller/Api.php?userid=7	|	SELECT *
				FROM user
				WHERE user_id = '7'	
2020-03-13 02:03:55	localhost	/project/controller/Api.php?userid=7	|	SELECT *
				FROM user
				WHERE user_id = '7'	
2020-03-13 02:03:41	localhost	/project/controller/Api.php?userid=7	|	SELECT *
				FROM user
				WHERE user_id = '7'	
2020-03-13 02:03:57	localhost	/project/controller/Api.php?userid=7	|	SELECT *
				FROM user
				WHERE user_id = '7'	
2020-03-13 02:03:07	localhost	/project/controller/Api.php?userid=7	|	SELECT *
				FROM user
				WHERE user_id = '7'	
2020-03-13 02:03:43	localhost	/project/controller/Api.php?userid=7	|	SELECT *
				FROM user
				WHERE user_id = '7'	
2020-03-13 02:03:56	localhost	/project/controller/Api.php?userid=7	|	SELECT *
				FROM user
				WHERE user_id = '7'	
2020-03-13 03:03:24	localhost	/project/controller/Api.php?userid=7	|	SELECT *
				FROM user
				WHERE user_id = '7'	
2020-03-13 03:03:23	localhost	/project/controller/Api.php?userid=7	|	SELECT *
				FROM user
				WHERE user_id = '7'	
2020-03-13 03:03:41	localhost	/project/controller/Api.php?userid=7	|	SELECT *
				FROM user
				WHERE user_id = '7'	
2020-03-13 03:03:48	localhost	/project/controller/Api.php?userid=7	|	SELECT *
				FROM user
				WHERE user_id = '7'	
2020-03-13 03:03:42	localhost	/project/controller/Api.php?userid=7	|	SELECT *
				FROM user
				WHERE user_id = '7'	
2020-03-13 03:03:06	localhost	/project/controller/Api.php?userid=7	|	SELECT *
				FROM user
				WHERE user_id = '7'	
2020-03-13 03:03:16	localhost	/project/controller/Api.php?userid=7	|	SELECT *
				FROM user
				WHERE user_id = '7'	
2020-03-13 03:03:59	localhost	/project/controller/Api.php?userid=7	|	SELECT *
				FROM user
				WHERE user_id = '7'	
2020-03-13 03:03:41	localhost	/project/controller/Api.php?userid=7	|	SELECT *
				FROM user
				WHERE user_id = '7'	
2020-03-13 03:03:12	localhost	/project/controller/Api.php?userid=7	|	SELECT *
				FROM user
				WHERE user_id = '7'	
2020-03-13 03:03:37	localhost	/project/controller/Api.php?userid=7	|	SELECT *
				FROM user
				WHERE user_id = '7'	
2020-03-13 03:03:04	localhost	/project/controller/Api.php?userid=7	|	SELECT *
				FROM user
				WHERE user_id = '7'	
2020-03-13 04:03:57	localhost	/project/controller/Api.php?userid=7	|	SELECT *
				FROM user
				WHERE user_id = '7'	
2020-03-13 04:03:32	localhost	/project/controller/Api.php?userid=7	|	SELECT *
				FROM user
				WHERE user_id = '7'	
2020-03-13 04:03:31	localhost	/project/controller/Api.php?userid=7	|	SELECT *
				FROM user
				WHERE user_id = '7'	
2020-03-13 04:03:04	localhost	/project/controller/Api.php?userid=7	|	SELECT *
				FROM user
				WHERE user_id = '7'	
2020-03-13 04:03:43	localhost	/project/controller/Api.php?userid=7	|	SELECT *
				FROM user
				WHERE user_id = '7'	
2020-03-13 04:03:47	localhost	/project/controller/Api.php?userid=7	|	SELECT *
				FROM user
				WHERE user_id = '7'	
2020-03-13 04:03:32	localhost	/project/controller/Api.php?userid=7	|	SELECT *
				FROM user
				WHERE user_id = '7'	
2020-03-13 04:03:03	localhost	/project/controller/Api.php?userid=7	|	SELECT *
				FROM user
				WHERE user_id = '7'	
2020-03-13 04:03:23	localhost	/project/controller/Api.php?userid=7	|	SELECT *
				FROM user
				WHERE user_id = '7'	
2020-03-13 04:03:47	localhost	/project/controller/Api.php?userid=7	|	SELECT *
				FROM user
				WHERE user_id = '7'	
2020-03-13 04:03:03	localhost	/project/controller/Api.php?userid=7	|	SELECT *
				FROM user
				WHERE user_id = '7'	
2020-03-13 04:03:31	localhost	/project/controller/Api.php?userid=7	|	SELECT *
				FROM user
				WHERE user_id = '7'	
2020-03-13 04:03:04	localhost	/project/controller/Api.php?userid=7	|	SELECT *
				FROM user
				WHERE user_id = '7'	
2020-03-13 04:03:50	localhost	/project/controller/Api.php?userid=7	|	SELECT *
				FROM user
				WHERE user_id = '7'	
2020-03-13 04:03:52	localhost	/project/controller/Api.php?userid=7	|	SELECT *
				FROM user
				WHERE user_id = '7'	
2020-03-13 04:03:06	localhost	/project/controller/Api.php?userid=7	|	SELECT *
				FROM user
				WHERE user_id = '7'	
2020-03-13 09:03:39	localhost	/project/controller/Login.php	|	SELECT user_id,user_name,user_name_tmp
				FROM user 
				WHERE user_name = 'natcha' AND user_password = 'natcha'	
2020-03-13 09:03:39	localhost	/project/controller/Api.php?userid=7	|	SELECT *
				FROM user
				WHERE user_id = '7'	
2020-03-13 09:03:43	localhost	/project/controller/Api.php?userid=7	|	SELECT *
				FROM user
				WHERE user_id = '7'	
2020-03-13 09:03:16	localhost	/project/controller/Api.php?userid=7	|	SELECT *
				FROM user
				WHERE user_id = '7'	
2020-03-13 09:03:56	localhost	/project/controller/Api.php?userid=7	|	SELECT *
				FROM user
				WHERE user_id = '7'	
2020-03-13 09:03:32	localhost	/project/controller/Api.php?userid=7	|	SELECT *
				FROM user
				WHERE user_id = '7'	
2020-03-13 09:03:37	localhost	/project/controller/Api.php?userid=7	|	SELECT *
				FROM user
				WHERE user_id = '7'	
2020-03-13 09:03:06	localhost	/project/controller/Api.php?userid=7	|	SELECT *
				FROM user
				WHERE user_id = '7'	
2020-03-13 09:03:08	localhost	/project/controller/Api.php?userid=7	|	SELECT *
				FROM user
				WHERE user_id = '7'	
2020-03-13 09:03:25	localhost	/project/controller/Api.php?userid=7	|	SELECT *
				FROM user
				WHERE user_id = '7'	
2020-03-13 09:03:59	localhost	/project/controller/Api.php?userid=7	|	SELECT *
				FROM user
				WHERE user_id = '7'	
2020-03-13 09:03:14	localhost	/project/controller/Api.php?userid=7	|	SELECT *
				FROM user
				WHERE user_id = '7'	
2020-03-13 10:03:53	localhost	/project/controller/Api.php?userid=7	|	SELECT *
				FROM user
				WHERE user_id = '7'	
2020-03-13 10:03:05	localhost	/project/controller/Api.php?userid=7	|	SELECT *
				FROM user
				WHERE user_id = '7'	
2020-03-13 10:03:44	localhost	/project/controller/Api.php?userid=7	|	SELECT *
				FROM user
				WHERE user_id = '7'	
2020-03-13 10:03:05	localhost	/project/controller/Api.php?userid=7	|	SELECT *
				FROM user
				WHERE user_id = '7'	
2020-03-13 10:03:24	localhost	/project/controller/Api.php?userid=7	|	SELECT *
				FROM user
				WHERE user_id = '7'	
2020-03-13 10:03:59	localhost	/project/controller/Api.php?userid=7	|	SELECT *
				FROM user
				WHERE user_id = '7'	
2020-03-13 10:03:14	localhost	/project/controller/Api.php?userid=7	|	SELECT *
				FROM user
				WHERE user_id = '7'	
2020-03-13 10:03:30	localhost	/project/controller/Api.php?userid=7	|	SELECT *
				FROM user
				WHERE user_id = '7'	
2020-03-13 10:03:39	localhost	/project/controller/Api.php?userid=7	|	SELECT *
				FROM user
				WHERE user_id = '7'	
2020-03-13 10:03:48	localhost	/project/controller/Api.php?userid=7	|	SELECT *
				FROM user
				WHERE user_id = '7'	
2020-03-13 10:03:47	localhost	/project/controller/Api.php?userid=7	|	SELECT *
				FROM user
				WHERE user_id = '7'	
2020-03-13 10:03:09	localhost	/project/controller/Api.php?userid=7	|	SELECT *
				FROM user
				WHERE user_id = '7'	
2020-03-13 11:03:58	localhost	/project/controller/Api.php?userid=7	|	SELECT *
				FROM user
				WHERE user_id = '7'	
2020-03-13 11:03:07	localhost	/project/controller/Api.php?userid=7	|	SELECT *
				FROM user
				WHERE user_id = '7'	
2020-03-13 11:03:42	localhost	/project/controller/Api.php?userid=7	|	SELECT *
				FROM user
				WHERE user_id = '7'	
2020-03-13 11:03:53	localhost	/project/controller/Api.php?userid=7	|	SELECT *
				FROM user
				WHERE user_id = '7'	
2020-03-13 11:03:22	localhost	/project/controller/Api.php?userid=7	|	SELECT *
				FROM user
				WHERE user_id = '7'	
2020-03-13 11:03:03	localhost	/project/controller/Api.php?userid=7	|	SELECT *
				FROM user
				WHERE user_id = '7'	
2020-03-13 11:03:17	localhost	/project/controller/Api.php?userid=7	|	SELECT *
				FROM user
				WHERE user_id = '7'	
2020-03-13 11:03:03	localhost	/project/controller/Api.php?userid=7	|	SELECT *
				FROM user
				WHERE user_id = '7'	
2020-03-13 11:03:45	localhost	/project/controller/Api.php?userid=7	|	SELECT *
				FROM user
				WHERE user_id = '7'	
2020-03-13 11:03:43	localhost	/project/controller/Api.php?userid=7	|	SELECT *
				FROM user
				WHERE user_id = '7'	
2020-03-13 11:03:56	localhost	/project/controller/Api.php?userid=7	|	SELECT *
				FROM user
				WHERE user_id = '7'	
2020-03-13 11:03:55	localhost	/project/controller/Api.php?userid=7	|	SELECT *
				FROM user
				WHERE user_id = '7'	
2020-03-13 11:03:11	localhost	/project/controller/Api.php?userid=7	|	SELECT *
				FROM user
				WHERE user_id = '7'	
2020-03-13 11:03:40	localhost	/project/controller/Api.php?userid=7	|	SELECT *
				FROM user
				WHERE user_id = '7'	
2020-03-13 11:03:46	localhost	/project/controller/Api.php?userid=7	|	SELECT *
				FROM user
				WHERE user_id = '7'	
2020-03-13 11:03:34	localhost	/project/controller/Register.php	|	SELECT user_name
				FROM user
				where user_name = 'newuser'	
2020-03-13 11:03:35	localhost	/project/controller/Register.php	|	INSERT INTO user(user_name,user_name_tmp,user_password,user_fname,user_lname,user_birthdate,user_email,user_address,user_picture,user_picture_old)
				VALUES('newuser', 'newuser', '123456', 'newuser', 'asdasd', '2020-03-09', 'aokbaza@gmail.com', 'chon', '1584074254.jpeg', 'pic630082.jpg')	
