2020-03-12 16:03:24	7	localhost	/project/controller/Api.php	|	SELECT user_id,user_fname,user_lname,user_picture
				FROM user
				where user_fname like 's%' 
				or user_lname like 's%' 
				or concat(user_fname,' ',user_lname) like 's%'	
2020-03-12 16:03:25	7	localhost	/project/controller/Api.php	|	SELECT user_id,user_fname,user_lname,user_picture
				FROM user
				where user_fname like 's%' 
				or user_lname like 's%' 
				or concat(user_fname,' ',user_lname) like 's%'	
2020-03-12 16:03:37	7	localhost	/project/controller/Api.php	|	SELECT user_id,user_fname,user_lname,user_picture
				FROM user
				where user_fname like 's%' 
				or user_lname like 's%' 
				or concat(user_fname,' ',user_lname) like 's%'	
2020-03-12 16:03:06	7	localhost	/project/controller/Api.php	|	SELECT user_id,user_fname,user_lname,user_picture
				FROM user
				where user_fname like 's%' 
				or user_lname like 's%' 
				or concat(user_fname,' ',user_lname) like 's%'	
2020-03-12 16:03:43	7	localhost	/project/controller/Api.php	|	SELECT user_id,user_fname,user_lname,user_picture
				FROM user
				where user_fname like 's%' 
				or user_lname like 's%' 
				or concat(user_fname,' ',user_lname) like 's%'	
2020-03-12 16:03:10	7	localhost	/project/controller/Api.php	|	SELECT user_id,user_fname,user_lname,user_picture
				FROM user
				where user_fname like 't%' 
				or user_lname like 't%' 
				or concat(user_fname,' ',user_lname) like 't%'	
2020-03-12 16:03:10	7	localhost	/project/controller/Api.php	|	SELECT user_id,user_fname,user_lname,user_picture
				FROM user
				where user_fname like 'te%' 
				or user_lname like 'te%' 
				or concat(user_fname,' ',user_lname) like 'te%'	
2020-03-12 16:03:10	7	localhost	/project/controller/Api.php	|	SELECT user_id,user_fname,user_lname,user_picture
				FROM user
				where user_fname like 'tes%' 
				or user_lname like 'tes%' 
				or concat(user_fname,' ',user_lname) like 'tes%'	
2020-03-12 16:03:16	7	localhost	/project/controller/Api.php	|	SELECT user_id,user_fname,user_lname,user_picture
				FROM user
				where user_fname like 'a%' 
				or user_lname like 'a%' 
				or concat(user_fname,' ',user_lname) like 'a%'	
2020-03-12 16:03:17	7	localhost	/project/controller/Api.php	|	SELECT user_id,user_fname,user_lname,user_picture
				FROM user
				where user_fname like 'aa%' 
				or user_lname like 'aa%' 
				or concat(user_fname,' ',user_lname) like 'aa%'	
2020-03-12 16:03:17	7	localhost	/project/controller/Api.php	|	SELECT user_id,user_fname,user_lname,user_picture
				FROM user
				where user_fname like 'aaa%' 
				or user_lname like 'aaa%' 
				or concat(user_fname,' ',user_lname) like 'aaa%'	
2020-03-12 16:03:17	7	localhost	/project/controller/Api.php	|	SELECT user_id,user_fname,user_lname,user_picture
				FROM user
				where user_fname like 'aaaa%' 
				or user_lname like 'aaaa%' 
				or concat(user_fname,' ',user_lname) like 'aaaa%'	
2020-03-12 16:03:17	7	localhost	/project/controller/Api.php	|	SELECT user_id,user_fname,user_lname,user_picture
				FROM user
				where user_fname like 'aaaaa%' 
				or user_lname like 'aaaaa%' 
				or concat(user_fname,' ',user_lname) like 'aaaaa%'	
2020-03-12 16:03:14	7	localhost	/project/controller/Api.php	|	SELECT user_id,user_fname,user_lname,user_picture
				FROM user
				where user_fname like 's%' 
				or user_lname like 's%' 
				or concat(user_fname,' ',user_lname) like 's%'	
2020-03-12 16:03:14	7	localhost	/project/controller/Api.php	|	SELECT user_id,user_fname,user_lname,user_picture
				FROM user
				where user_fname like 'ss%' 
				or user_lname like 'ss%' 
				or concat(user_fname,' ',user_lname) like 'ss%'	
2020-03-12 16:03:14	7	localhost	/project/controller/Api.php	|	SELECT user_id,user_fname,user_lname,user_picture
				FROM user
				where user_fname like 'sss%' 
				or user_lname like 'sss%' 
				or concat(user_fname,' ',user_lname) like 'sss%'	
2020-03-12 16:03:14	7	localhost	/project/controller/Api.php	|	SELECT user_id,user_fname,user_lname,user_picture
				FROM user
				where user_fname like 'ssss%' 
				or user_lname like 'ssss%' 
				or concat(user_fname,' ',user_lname) like 'ssss%'	
2020-03-12 16:03:17	7	localhost	/project/controller/Api.php	|	SELECT user_id,user_fname,user_lname,user_picture
				FROM user
				where user_fname like 'ssss%' 
				or user_lname like 'ssss%' 
				or concat(user_fname,' ',user_lname) like 'ssss%'	
2020-03-12 16:03:32	7	localhost	/project/controller/Api.php	|	SELECT user_id,user_fname,user_lname,user_picture
				FROM user
				where user_fname like 'ssss%' 
				or user_lname like 'ssss%' 
				or concat(user_fname,' ',user_lname) like 'ssss%'	
2020-03-12 16:03:19	7	localhost	/project/controller/Api.php	|	SELECT user_id,user_fname,user_lname,user_picture
				FROM user
				where user_fname like 's%' 
				or user_lname like 's%' 
				or concat(user_fname,' ',user_lname) like 's%'	
2020-03-12 16:03:20	7	localhost	/project/controller/Api.php	|	SELECT user_id,user_fname,user_lname,user_picture
				FROM user
				where user_fname like 'ss%' 
				or user_lname like 'ss%' 
				or concat(user_fname,' ',user_lname) like 'ss%'	
2020-03-12 16:03:20	7	localhost	/project/controller/Api.php	|	SELECT user_id,user_fname,user_lname,user_picture
				FROM user
				where user_fname like 'sss%' 
				or user_lname like 'sss%' 
				or concat(user_fname,' ',user_lname) like 'sss%'	
2020-03-12 16:03:20	7	localhost	/project/controller/Api.php	|	SELECT user_id,user_fname,user_lname,user_picture
				FROM user
				where user_fname like 'ssss%' 
				or user_lname like 'ssss%' 
				or concat(user_fname,' ',user_lname) like 'ssss%'	
2020-03-12 16:03:20	7	localhost	/project/controller/Api.php	|	SELECT user_id,user_fname,user_lname,user_picture
				FROM user
				where user_fname like 'sssss%' 
				or user_lname like 'sssss%' 
				or concat(user_fname,' ',user_lname) like 'sssss%'	
2020-03-12 16:03:20	7	localhost	/project/controller/Api.php	|	SELECT user_id,user_fname,user_lname,user_picture
				FROM user
				where user_fname like 'ssssss%' 
				or user_lname like 'ssssss%' 
				or concat(user_fname,' ',user_lname) like 'ssssss%'	
2020-03-12 16:03:42	7	localhost	/project/controller/Api.php	|	SELECT user_id,user_fname,user_lname,user_picture
				FROM user
				where user_fname like 'ssssss%' 
				or user_lname like 'ssssss%' 
				or concat(user_fname,' ',user_lname) like 'ssssss%'	
2020-03-12 16:03:47	7	localhost	/project/controller/Api.php	|	SELECT user_id,user_fname,user_lname,user_picture
				FROM user
				where user_fname like 's%' 
				or user_lname like 's%' 
				or concat(user_fname,' ',user_lname) like 's%'	
2020-03-12 16:03:47	7	localhost	/project/controller/Api.php	|	SELECT user_id,user_fname,user_lname,user_picture
				FROM user
				where user_fname like 'ss%' 
				or user_lname like 'ss%' 
				or concat(user_fname,' ',user_lname) like 'ss%'	
2020-03-12 16:03:47	7	localhost	/project/controller/Api.php	|	SELECT user_id,user_fname,user_lname,user_picture
				FROM user
				where user_fname like 'sss%' 
				or user_lname like 'sss%' 
				or concat(user_fname,' ',user_lname) like 'sss%'	
2020-03-12 16:03:47	7	localhost	/project/controller/Api.php	|	SELECT user_id,user_fname,user_lname,user_picture
				FROM user
				where user_fname like 'ssss%' 
				or user_lname like 'ssss%' 
				or concat(user_fname,' ',user_lname) like 'ssss%'	
2020-03-12 16:03:47	7	localhost	/project/controller/Api.php	|	SELECT user_id,user_fname,user_lname,user_picture
				FROM user
				where user_fname like 'sssss%' 
				or user_lname like 'sssss%' 
				or concat(user_fname,' ',user_lname) like 'sssss%'	
2020-03-12 16:03:48	7	localhost	/project/controller/Api.php	|	SELECT user_id,user_fname,user_lname,user_picture
				FROM user
				where user_fname like 'ssssss%' 
				or user_lname like 'ssssss%' 
				or concat(user_fname,' ',user_lname) like 'ssssss%'	
2020-03-12 16:03:58	7	localhost	/project/controller/Api.php	|	SELECT user_id,user_fname,user_lname,user_picture
				FROM user
				where user_fname like 'ssssss%' 
				or user_lname like 'ssssss%' 
				or concat(user_fname,' ',user_lname) like 'ssssss%'	
2020-03-12 16:03:00	7	localhost	/project/controller/Api.php	|	SELECT user_id,user_fname,user_lname,user_picture
				FROM user
				where user_fname like 'x%' 
				or user_lname like 'x%' 
				or concat(user_fname,' ',user_lname) like 'x%'	
2020-03-12 16:03:01	7	localhost	/project/controller/Api.php	|	SELECT user_id,user_fname,user_lname,user_picture
				FROM user
				where user_fname like 'xx%' 
				or user_lname like 'xx%' 
				or concat(user_fname,' ',user_lname) like 'xx%'	
2020-03-12 16:03:01	7	localhost	/project/controller/Api.php	|	SELECT user_id,user_fname,user_lname,user_picture
				FROM user
				where user_fname like 'xxx%' 
				or user_lname like 'xxx%' 
				or concat(user_fname,' ',user_lname) like 'xxx%'	
2020-03-12 16:03:01	7	localhost	/project/controller/Api.php	|	SELECT user_id,user_fname,user_lname,user_picture
				FROM user
				where user_fname like 'xxxx%' 
				or user_lname like 'xxxx%' 
				or concat(user_fname,' ',user_lname) like 'xxxx%'	
2020-03-12 16:03:01	7	localhost	/project/controller/Api.php	|	SELECT user_id,user_fname,user_lname,user_picture
				FROM user
				where user_fname like 'xxxxx%' 
				or user_lname like 'xxxxx%' 
				or concat(user_fname,' ',user_lname) like 'xxxxx%'	
2020-03-12 16:03:01	7	localhost	/project/controller/Api.php	|	SELECT user_id,user_fname,user_lname,user_picture
				FROM user
				where user_fname like 'xxxxxx%' 
				or user_lname like 'xxxxxx%' 
				or concat(user_fname,' ',user_lname) like 'xxxxxx%'	
2020-03-12 16:03:01	7	localhost	/project/controller/Api.php	|	SELECT user_id,user_fname,user_lname,user_picture
				FROM user
				where user_fname like 'xxxxxxx%' 
				or user_lname like 'xxxxxxx%' 
				or concat(user_fname,' ',user_lname) like 'xxxxxxx%'	
2020-03-12 16:03:01	7	localhost	/project/controller/Api.php	|	SELECT user_id,user_fname,user_lname,user_picture
				FROM user
				where user_fname like 'xxxxxxxx%' 
				or user_lname like 'xxxxxxxx%' 
				or concat(user_fname,' ',user_lname) like 'xxxxxxxx%'	
2020-03-12 16:03:02	7	localhost	/project/controller/Api.php	|	SELECT user_id,user_fname,user_lname,user_picture
				FROM user
				where user_fname like 'xxxxxxxxx%' 
				or user_lname like 'xxxxxxxxx%' 
				or concat(user_fname,' ',user_lname) like 'xxxxxxxxx%'	
2020-03-12 16:03:44	7	localhost	/project/controller/Api.php	|	SELECT user_id,user_fname,user_lname,user_picture
				FROM user
				where user_fname like 'y%' 
				or user_lname like 'y%' 
				or concat(user_fname,' ',user_lname) like 'y%'	
2020-03-12 16:03:44	7	localhost	/project/controller/Api.php	|	SELECT user_id,user_fname,user_lname,user_picture
				FROM user
				where user_fname like 'yy%' 
				or user_lname like 'yy%' 
				or concat(user_fname,' ',user_lname) like 'yy%'	
2020-03-12 16:03:45	7	localhost	/project/controller/Api.php	|	SELECT user_id,user_fname,user_lname,user_picture
				FROM user
				where user_fname like 'yyy%' 
				or user_lname like 'yyy%' 
				or concat(user_fname,' ',user_lname) like 'yyy%'	
2020-03-12 16:03:45	7	localhost	/project/controller/Api.php	|	SELECT user_id,user_fname,user_lname,user_picture
				FROM user
				where user_fname like 'yyyy%' 
				or user_lname like 'yyyy%' 
				or concat(user_fname,' ',user_lname) like 'yyyy%'	
2020-03-12 16:03:45	7	localhost	/project/controller/Api.php	|	SELECT user_id,user_fname,user_lname,user_picture
				FROM user
				where user_fname like 'yyyyy%' 
				or user_lname like 'yyyyy%' 
				or concat(user_fname,' ',user_lname) like 'yyyyy%'	
2020-03-12 16:03:45	7	localhost	/project/controller/Api.php	|	SELECT user_id,user_fname,user_lname,user_picture
				FROM user
				where user_fname like 'yyyyyy%' 
				or user_lname like 'yyyyyy%' 
				or concat(user_fname,' ',user_lname) like 'yyyyyy%'	
2020-03-12 22:03:27	7	localhost	/project/controller/Api.php	|	SELECT user_id,user_fname,user_lname,user_picture
				FROM user
				where user_fname like 'yyyyyy%' 
				or user_lname like 'yyyyyy%' 
				or concat(user_fname,' ',user_lname) like 'yyyyyy%'	
2020-03-12 22:03:40	7	localhost	/project/controller/Api.php	|	SELECT user_id,user_fname,user_lname,user_picture
				FROM user
				where user_fname like 'as%' 
				or user_lname like 'as%' 
				or concat(user_fname,' ',user_lname) like 'as%'	
2020-03-12 22:03:41	7	localhost	/project/controller/Api.php	|	SELECT user_id,user_fname,user_lname,user_picture
				FROM user
				where user_fname like 'asd%' 
				or user_lname like 'asd%' 
				or concat(user_fname,' ',user_lname) like 'asd%'	
2020-03-12 22:03:41	7	localhost	/project/controller/Api.php	|	SELECT user_id,user_fname,user_lname,user_picture
				FROM user
				where user_fname like 'asd%' 
				or user_lname like 'asd%' 
				or concat(user_fname,' ',user_lname) like 'asd%'	
2020-03-12 22:03:41	7	localhost	/project/controller/Api.php	|	SELECT user_id,user_fname,user_lname,user_picture
				FROM user
				where user_fname like 'asdasd%' 
				or user_lname like 'asdasd%' 
				or concat(user_fname,' ',user_lname) like 'asdasd%'	
2020-03-12 22:03:41	7	localhost	/project/controller/Api.php	|	SELECT user_id,user_fname,user_lname,user_picture
				FROM user
				where user_fname like 'asdasd%' 
				or user_lname like 'asdasd%' 
				or concat(user_fname,' ',user_lname) like 'asdasd%'	
2020-03-12 22:03:41	7	localhost	/project/controller/Api.php	|	SELECT user_id,user_fname,user_lname,user_picture
				FROM user
				where user_fname like 'asdasd%' 
				or user_lname like 'asdasd%' 
				or concat(user_fname,' ',user_lname) like 'asdasd%'	
2020-03-12 22:03:16	7	localhost	/project/controller/Api.php	|	SELECT user_id,user_fname,user_lname,user_picture
				FROM user
				where user_fname like 'asdasd%' 
				or user_lname like 'asdasd%' 
				or concat(user_fname,' ',user_lname) like 'asdasd%'	
2020-03-12 22:03:16	7	localhost	/project/controller/Api.php	|	SELECT user_id,user_fname,user_lname,user_picture
				FROM user
				where user_fname like 'asdasd%' 
				or user_lname like 'asdasd%' 
				or concat(user_fname,' ',user_lname) like 'asdasd%'	
2020-03-12 23:03:24	7	localhost	/project/controller/Api.php	|	SELECT user_id,user_fname,user_lname,user_picture
				FROM user
				where user_fname like 's%' 
				or user_lname like 's%' 
				or concat(user_fname,' ',user_lname) like 's%'	
2020-03-12 23:03:24	7	localhost	/project/controller/Api.php	|	SELECT user_id,user_fname,user_lname,user_picture
				FROM user
				where user_fname like 'si%' 
				or user_lname like 'si%' 
				or concat(user_fname,' ',user_lname) like 'si%'	
