2020-03-13 02:03:13	7	localhost	/project/controller/Api.php	|	SELECT user_id,user_fname,user_lname,user_picture
				FROM user
				where user_fname like 'asd%' 
				or user_lname like 'asd%' 
				or concat(user_fname,' ',user_lname) like 'asd%'	
2020-03-13 02:03:13	7	localhost	/project/controller/Api.php	|	SELECT user_id,user_fname,user_lname,user_picture
				FROM user
				where user_fname like 'asd%' 
				or user_lname like 'asd%' 
				or concat(user_fname,' ',user_lname) like 'asd%'	
2020-03-13 02:03:13	7	localhost	/project/controller/Api.php	|	SELECT user_id,user_fname,user_lname,user_picture
				FROM user
				where user_fname like 'asdas%' 
				or user_lname like 'asdas%' 
				or concat(user_fname,' ',user_lname) like 'asdas%'	
2020-03-13 02:03:13	7	localhost	/project/controller/Api.php	|	SELECT user_id,user_fname,user_lname,user_picture
				FROM user
				where user_fname like 'asdas%' 
				or user_lname like 'asdas%' 
				or concat(user_fname,' ',user_lname) like 'asdas%'	
2020-03-13 02:03:13	7	localhost	/project/controller/Api.php	|	SELECT user_id,user_fname,user_lname,user_picture
				FROM user
				where user_fname like 'asdas%' 
				or user_lname like 'asdas%' 
				or concat(user_fname,' ',user_lname) like 'asdas%'	
2020-03-13 02:03:16	7	localhost	/project/controller/Api.php	|	SELECT user_id,user_fname,user_lname,user_picture
				FROM user
				where user_fname like 'asdas%' 
				or user_lname like 'asdas%' 
				or concat(user_fname,' ',user_lname) like 'asdas%'	
2020-03-13 02:03:17	7	localhost	/project/controller/Api.php	|	SELECT user_id,user_fname,user_lname,user_picture
				FROM user
				where user_fname like 'asdas%' 
				or user_lname like 'asdas%' 
				or concat(user_fname,' ',user_lname) like 'asdas%'	
2020-03-13 02:03:18	7	localhost	/project/controller/Api.php	|	SELECT user_id,user_fname,user_lname,user_picture
				FROM user
				where user_fname like 's%' 
				or user_lname like 's%' 
				or concat(user_fname,' ',user_lname) like 's%'	
2020-03-13 02:03:18	7	localhost	/project/controller/Api.php	|	SELECT user_id,user_fname,user_lname,user_picture
				FROM user
				where user_fname like 'si%' 
				or user_lname like 'si%' 
				or concat(user_fname,' ',user_lname) like 'si%'	
2020-03-13 02:03:35	7	localhost	/project/controller/Api.php	|	SELECT user_id,user_fname,user_lname,user_picture
				FROM user
				where user_fname like 'si%' 
				or user_lname like 'si%' 
				or concat(user_fname,' ',user_lname) like 'si%'	
2020-03-13 02:03:33	7	localhost	/project/controller/Api.php	|	SELECT user_id,user_fname,user_lname,user_picture
				FROM user
				where user_fname like 'asd%' 
				or user_lname like 'asd%' 
				or concat(user_fname,' ',user_lname) like 'asd%'	
2020-03-13 02:03:33	7	localhost	/project/controller/Api.php	|	SELECT user_id,user_fname,user_lname,user_picture
				FROM user
				where user_fname like 'asd%' 
				or user_lname like 'asd%' 
				or concat(user_fname,' ',user_lname) like 'asd%'	
2020-03-13 02:03:33	7	localhost	/project/controller/Api.php	|	SELECT user_id,user_fname,user_lname,user_picture
				FROM user
				where user_fname like 'asd%' 
				or user_lname like 'asd%' 
				or concat(user_fname,' ',user_lname) like 'asd%'	
2020-03-13 02:03:34	7	localhost	/project/controller/Api.php	|	SELECT user_id,user_fname,user_lname,user_picture
				FROM user
				where user_fname like 'asd%' 
				or user_lname like 'asd%' 
				or concat(user_fname,' ',user_lname) like 'asd%'	
2020-03-13 02:03:47	7	localhost	/project/controller/Api.php	|	SELECT user_id,user_fname,user_lname,user_picture
				FROM user
				where user_fname like 'asd%' 
				or user_lname like 'asd%' 
				or concat(user_fname,' ',user_lname) like 'asd%'	
2020-03-13 02:03:49	7	localhost	/project/controller/Api.php	|	SELECT user_id,user_fname,user_lname,user_picture
				FROM user
				where user_fname like 'sa%' 
				or user_lname like 'sa%' 
				or concat(user_fname,' ',user_lname) like 'sa%'	
2020-03-13 02:03:49	7	localhost	/project/controller/Api.php	|	SELECT user_id,user_fname,user_lname,user_picture
				FROM user
				where user_fname like 'sa%' 
				or user_lname like 'sa%' 
				or concat(user_fname,' ',user_lname) like 'sa%'	
2020-03-13 02:03:50	7	localhost	/project/controller/Api.php	|	SELECT user_id,user_fname,user_lname,user_picture
				FROM user
				where user_fname like 'sad%' 
				or user_lname like 'sad%' 
				or concat(user_fname,' ',user_lname) like 'sad%'	
2020-03-13 02:03:43	7	localhost	/project/controller/Api.php	|	SELECT user_id,user_fname,user_lname,user_picture
				FROM user
				where user_fname like 's%' 
				or user_lname like 's%' 
				or concat(user_fname,' ',user_lname) like 's%'	
2020-03-13 02:03:45	7	localhost	/project/controller/Api.php	|	SELECT user_id,user_fname,user_lname,user_picture
				FROM user
				where user_fname like 'l%' 
				or user_lname like 'l%' 
				or concat(user_fname,' ',user_lname) like 'l%'	
2020-03-13 02:03:45	7	localhost	/project/controller/Api.php	|	SELECT user_id,user_fname,user_lname,user_picture
				FROM user
				where user_fname like 'lo%' 
				or user_lname like 'lo%' 
				or concat(user_fname,' ',user_lname) like 'lo%'	
2020-03-13 02:03:46	7	localhost	/project/controller/Api.php	|	SELECT user_id,user_fname,user_lname,user_picture
				FROM user
				where user_fname like 'lou%' 
				or user_lname like 'lou%' 
				or concat(user_fname,' ',user_lname) like 'lou%'	
2020-03-13 02:03:41	7	localhost	/project/controller/Api.php	|	SELECT user_id,user_fname,user_lname,user_picture
				FROM user
				where user_fname like 'd%' 
				or user_lname like 'd%' 
				or concat(user_fname,' ',user_lname) like 'd%'	
2020-03-13 02:03:42	7	localhost	/project/controller/Api.php	|	SELECT user_id,user_fname,user_lname,user_picture
				FROM user
				where user_fname like 'ds%' 
				or user_lname like 'ds%' 
				or concat(user_fname,' ',user_lname) like 'ds%'	
2020-03-13 02:03:44	7	localhost	/project/controller/Api.php	|	SELECT user_id,user_fname,user_lname,user_picture
				FROM user
				where user_fname like 'ds%' 
				or user_lname like 'ds%' 
				or concat(user_fname,' ',user_lname) like 'ds%'	
2020-03-13 02:03:05	7	localhost	/project/controller/Api.php	|	SELECT user_id,user_fname,user_lname,user_picture
				FROM user
				where user_fname like 's%' 
				or user_lname like 's%' 
				or concat(user_fname,' ',user_lname) like 's%'	
2020-03-13 02:03:06	7	localhost	/project/controller/Api.php	|	SELECT user_id,user_fname,user_lname,user_picture
				FROM user
				where user_fname like 'si%' 
				or user_lname like 'si%' 
				or concat(user_fname,' ',user_lname) like 'si%'	
2020-03-13 02:03:43	7	localhost	/project/controller/Api.php	|	SELECT user_id,user_fname,user_lname,user_picture
				FROM user
				where user_fname like 's%' 
				or user_lname like 's%' 
				or concat(user_fname,' ',user_lname) like 's%'	
2020-03-13 02:03:03	7	localhost	/project/controller/Api.php	|	SELECT user_id,user_fname,user_lname,user_picture
				FROM user
				where user_fname like 's%' 
				or user_lname like 's%' 
				or concat(user_fname,' ',user_lname) like 's%'	
2020-03-13 02:03:26	7	localhost	/project/controller/Api.php	|	SELECT user_id,user_fname,user_lname,user_picture
				FROM user
				where user_fname like 's%' 
				or user_lname like 's%' 
				or concat(user_fname,' ',user_lname) like 's%'	
2020-03-13 02:03:28	7	localhost	/project/controller/Api.php	|	SELECT user_id,user_fname,user_lname,user_picture
				FROM user
				where user_fname like 'si%' 
				or user_lname like 'si%' 
				or concat(user_fname,' ',user_lname) like 'si%'	
2020-03-13 02:03:35	7	localhost	/project/controller/Api.php	|	SELECT user_id,user_fname,user_lname,user_picture
				FROM user
				where user_fname like 'sa%' 
				or user_lname like 'sa%' 
				or concat(user_fname,' ',user_lname) like 'sa%'	
2020-03-13 02:03:35	7	localhost	/project/controller/Api.php	|	SELECT user_id,user_fname,user_lname,user_picture
				FROM user
				where user_fname like 'sa%' 
				or user_lname like 'sa%' 
				or concat(user_fname,' ',user_lname) like 'sa%'	
2020-03-13 02:03:36	7	localhost	/project/controller/Api.php	|	SELECT user_id,user_fname,user_lname,user_picture
				FROM user
				where user_fname like 's%' 
				or user_lname like 's%' 
				or concat(user_fname,' ',user_lname) like 's%'	
2020-03-13 02:03:03	7	localhost	/project/controller/Api.php	|	SELECT user_id,user_fname,user_lname,user_picture
				FROM user
				where user_fname like 's%' 
				or user_lname like 's%' 
				or concat(user_fname,' ',user_lname) like 's%'	
2020-03-13 02:03:04	7	localhost	/project/controller/Api.php	|	SELECT user_id,user_fname,user_lname,user_picture
				FROM user
				where user_fname like 'si%' 
				or user_lname like 'si%' 
				or concat(user_fname,' ',user_lname) like 'si%'	
2020-03-13 02:03:19	7	localhost	/project/controller/Api.php	|	SELECT user_id,user_fname,user_lname,user_picture
				FROM user
				where user_fname like 'si%' 
				or user_lname like 'si%' 
				or concat(user_fname,' ',user_lname) like 'si%'	
2020-03-13 02:03:23	7	localhost	/project/controller/Api.php	|	SELECT user_id,user_fname,user_lname,user_picture
				FROM user
				where user_fname like 's%' 
				or user_lname like 's%' 
				or concat(user_fname,' ',user_lname) like 's%'	
2020-03-13 02:03:19	7	localhost	/project/controller/Api.php	|	SELECT user_id,user_name_tmp,user_fname,user_lname,user_picture
				FROM user
				where user_fname like 's%' 
				or user_lname like 's%' 
				or concat(user_fname,' ',user_lname) like 's%'	
2020-03-13 02:03:27	7	localhost	/project/controller/Api.php	|	SELECT user_id,user_name_tmp,user_fname,user_lname,user_picture
				FROM user
				where user_fname like 's%' 
				or user_lname like 's%' 
				or concat(user_fname,' ',user_lname) like 's%'	
2020-03-13 02:03:42	7	localhost	/project/controller/Api.php	|	SELECT user_id,user_name_tmp,user_fname,user_lname,user_picture
				FROM user
				where user_fname like 'si%' 
				or user_lname like 'si%' 
				or concat(user_fname,' ',user_lname) like 'si%'	
2020-03-13 02:03:12	7	localhost	/project/controller/Api.php	|	SELECT user_id,user_name_tmp,user_fname,user_lname,user_picture
				FROM user
				where user_fname like 's%' 
				or user_lname like 's%' 
				or concat(user_fname,' ',user_lname) like 's%'	
2020-03-13 02:03:20	7	localhost	/project/controller/Api.php	|	SELECT user_id,user_name_tmp,user_fname,user_lname,user_picture
				FROM user
				where user_fname like 'si%' 
				or user_lname like 'si%' 
				or concat(user_fname,' ',user_lname) like 'si%'	
2020-03-13 02:03:25	7	localhost	/project/controller/Api.php	|	SELECT user_id,user_name_tmp,user_fname,user_lname,user_picture
				FROM user
				where user_fname like 'si%' 
				or user_lname like 'si%' 
				or concat(user_fname,' ',user_lname) like 'si%'	
2020-03-13 02:03:27	7	localhost	/project/controller/Api.php	|	SELECT user_id,user_name_tmp,user_fname,user_lname,user_picture
				FROM user
				where user_fname like 's%' 
				or user_lname like 's%' 
				or concat(user_fname,' ',user_lname) like 's%'	
2020-03-13 02:03:27	7	localhost	/project/controller/Api.php	|	SELECT user_id,user_name_tmp,user_fname,user_lname,user_picture
				FROM user
				where user_fname like 's%' 
				or user_lname like 's%' 
				or concat(user_fname,' ',user_lname) like 's%'	
2020-03-13 02:03:28	7	localhost	/project/controller/Api.php	|	SELECT user_id,user_name_tmp,user_fname,user_lname,user_picture
				FROM user
				where user_fname like 'si%' 
				or user_lname like 'si%' 
				or concat(user_fname,' ',user_lname) like 'si%'	
2020-03-13 02:03:42	7	localhost	/project/controller/Api.php	|	SELECT user_id,user_name_tmp,user_fname,user_lname,user_picture
				FROM user
				where user_fname like 'si%' 
				or user_lname like 'si%' 
				or concat(user_fname,' ',user_lname) like 'si%'	
2020-03-13 02:03:45	7	localhost	/project/controller/Api.php	|	SELECT user_id,user_name_tmp,user_fname,user_lname,user_picture
				FROM user
				where user_fname like 's%' 
				or user_lname like 's%' 
				or concat(user_fname,' ',user_lname) like 's%'	
2020-03-13 02:03:06	7	localhost	/project/controller/Api.php	|	SELECT user_id,user_name_tmp,user_fname,user_lname,user_picture
				FROM user
				where user_fname like 'a%' 
				or user_lname like 'a%' 
				or concat(user_fname,' ',user_lname) like 'a%'	
2020-03-13 02:03:07	7	localhost	/project/controller/Api.php	|	SELECT user_id,user_name_tmp,user_fname,user_lname,user_picture
				FROM user
				where user_fname like 'afa%' 
				or user_lname like 'afa%' 
				or concat(user_fname,' ',user_lname) like 'afa%'	
2020-03-13 02:03:07	7	localhost	/project/controller/Api.php	|	SELECT user_id,user_name_tmp,user_fname,user_lname,user_picture
				FROM user
				where user_fname like 'afasf%' 
				or user_lname like 'afasf%' 
				or concat(user_fname,' ',user_lname) like 'afasf%'	
2020-03-13 02:03:07	7	localhost	/project/controller/Api.php	|	SELECT user_id,user_name_tmp,user_fname,user_lname,user_picture
				FROM user
				where user_fname like 'afasf%' 
				or user_lname like 'afasf%' 
				or concat(user_fname,' ',user_lname) like 'afasf%'	
2020-03-13 02:03:07	7	localhost	/project/controller/Api.php	|	SELECT user_id,user_name_tmp,user_fname,user_lname,user_picture
				FROM user
				where user_fname like 'afasf%' 
				or user_lname like 'afasf%' 
				or concat(user_fname,' ',user_lname) like 'afasf%'	
2020-03-13 02:03:09	7	localhost	/project/controller/Api.php	|	SELECT user_id,user_name_tmp,user_fname,user_lname,user_picture
				FROM user
				where user_fname like 's%' 
				or user_lname like 's%' 
				or concat(user_fname,' ',user_lname) like 's%'	
2020-03-13 02:03:09	7	localhost	/project/controller/Api.php	|	SELECT user_id,user_name_tmp,user_fname,user_lname,user_picture
				FROM user
				where user_fname like 'si%' 
				or user_lname like 'si%' 
				or concat(user_fname,' ',user_lname) like 'si%'	
2020-03-13 02:03:09	7	localhost	/project/controller/Api.php	|	SELECT user_id,user_name_tmp,user_fname,user_lname,user_picture
				FROM user
				where user_fname like 'sir%' 
				or user_lname like 'sir%' 
				or concat(user_fname,' ',user_lname) like 'sir%'	
2020-03-13 02:03:10	7	localhost	/project/controller/Api.php	|	SELECT user_id,user_name_tmp,user_fname,user_lname,user_picture
				FROM user
				where user_fname like 'si%' 
				or user_lname like 'si%' 
				or concat(user_fname,' ',user_lname) like 'si%'	
2020-03-13 02:03:10	7	localhost	/project/controller/Api.php	|	SELECT user_id,user_name_tmp,user_fname,user_lname,user_picture
				FROM user
				where user_fname like 's%' 
				or user_lname like 's%' 
				or concat(user_fname,' ',user_lname) like 's%'	
2020-03-13 02:03:17	7	localhost	/project/controller/Api.php	|	SELECT user_id,user_name_tmp,user_fname,user_lname,user_picture
				FROM user
				where user_fname like 'u%' 
				or user_lname like 'u%' 
				or concat(user_fname,' ',user_lname) like 'u%'	
2020-03-13 02:03:18	7	localhost	/project/controller/Api.php	|	SELECT user_id,user_name_tmp,user_fname,user_lname,user_picture
				FROM user
				where user_fname like 'use%' 
				or user_lname like 'use%' 
				or concat(user_fname,' ',user_lname) like 'use%'	
2020-03-13 02:03:18	7	localhost	/project/controller/Api.php	|	SELECT user_id,user_name_tmp,user_fname,user_lname,user_picture
				FROM user
				where user_fname like 'use%' 
				or user_lname like 'use%' 
				or concat(user_fname,' ',user_lname) like 'use%'	
2020-03-13 02:03:18	7	localhost	/project/controller/Api.php	|	SELECT user_id,user_name_tmp,user_fname,user_lname,user_picture
				FROM user
				where user_fname like 'user%' 
				or user_lname like 'user%' 
				or concat(user_fname,' ',user_lname) like 'user%'	
2020-03-13 02:03:58	7	localhost	/project/controller/Api.php	|	SELECT user_id,user_name_tmp,user_fname,user_lname,user_picture
				FROM user
				where user_fname like 's%' 
				or user_lname like 's%' 
				or concat(user_fname,' ',user_lname) like 's%'	
2020-03-13 02:03:59	7	localhost	/project/controller/Api.php	|	SELECT user_id,user_name_tmp,user_fname,user_lname,user_picture
				FROM user
				where user_fname like 'si%' 
				or user_lname like 'si%' 
				or concat(user_fname,' ',user_lname) like 'si%'	
2020-03-13 02:03:50	7	localhost	/project/controller/Api.php	|	SELECT user_id,user_name_tmp,user_fname,user_lname,user_picture
				FROM user
				where user_fname like 's%' 
				or user_lname like 's%' 
				or concat(user_fname,' ',user_lname) like 's%'	
2020-03-13 02:03:51	7	localhost	/project/controller/Api.php	|	SELECT user_id,user_name_tmp,user_fname,user_lname,user_picture
				FROM user
				where user_fname like 'u%' 
				or user_lname like 'u%' 
				or concat(user_fname,' ',user_lname) like 'u%'	
2020-03-13 02:03:51	7	localhost	/project/controller/Api.php	|	SELECT user_id,user_name_tmp,user_fname,user_lname,user_picture
				FROM user
				where user_fname like 'us%' 
				or user_lname like 'us%' 
				or concat(user_fname,' ',user_lname) like 'us%'	
2020-03-13 02:03:51	7	localhost	/project/controller/Api.php	|	SELECT user_id,user_name_tmp,user_fname,user_lname,user_picture
				FROM user
				where user_fname like 'usr%' 
				or user_lname like 'usr%' 
				or concat(user_fname,' ',user_lname) like 'usr%'	
2020-03-13 02:03:52	7	localhost	/project/controller/Api.php	|	SELECT user_id,user_name_tmp,user_fname,user_lname,user_picture
				FROM user
				where user_fname like 'us%' 
				or user_lname like 'us%' 
				or concat(user_fname,' ',user_lname) like 'us%'	
2020-03-13 02:03:52	7	localhost	/project/controller/Api.php	|	SELECT user_id,user_name_tmp,user_fname,user_lname,user_picture
				FROM user
				where user_fname like 'use%' 
				or user_lname like 'use%' 
				or concat(user_fname,' ',user_lname) like 'use%'	
2020-03-13 02:03:52	7	localhost	/project/controller/Api.php	|	SELECT user_id,user_name_tmp,user_fname,user_lname,user_picture
				FROM user
				where user_fname like 'user%' 
				or user_lname like 'user%' 
				or concat(user_fname,' ',user_lname) like 'user%'	
2020-03-13 02:03:53	7	localhost	/project/controller/Api.php	|	SELECT user_id,user_name_tmp,user_fname,user_lname,user_picture
				FROM user
				where user_fname like 'use%' 
				or user_lname like 'use%' 
				or concat(user_fname,' ',user_lname) like 'use%'	
2020-03-13 02:03:53	7	localhost	/project/controller/Api.php	|	SELECT user_id,user_name_tmp,user_fname,user_lname,user_picture
				FROM user
				where user_fname like 'us%' 
				or user_lname like 'us%' 
				or concat(user_fname,' ',user_lname) like 'us%'	
2020-03-13 02:03:53	7	localhost	/project/controller/Api.php	|	SELECT user_id,user_name_tmp,user_fname,user_lname,user_picture
				FROM user
				where user_fname like 'u%' 
				or user_lname like 'u%' 
				or concat(user_fname,' ',user_lname) like 'u%'	
2020-03-13 02:03:02	7	localhost	/project/controller/Api.php	|	SELECT user_id,user_name_tmp,user_fname,user_lname,user_picture
				FROM user
				where user_fname like ' %' 
				or user_lname like ' %' 
				or concat(user_fname,' ',user_lname) like ' %'	
2020-03-13 02:03:02	7	localhost	/project/controller/Api.php	|	SELECT user_id,user_name_tmp,user_fname,user_lname,user_picture
				FROM user
				where user_fname like '  %' 
				or user_lname like '  %' 
				or concat(user_fname,' ',user_lname) like '  %'	
2020-03-13 02:03:02	7	localhost	/project/controller/Api.php	|	SELECT user_id,user_name_tmp,user_fname,user_lname,user_picture
				FROM user
				where user_fname like '   %' 
				or user_lname like '   %' 
				or concat(user_fname,' ',user_lname) like '   %'	
2020-03-13 02:03:02	7	localhost	/project/controller/Api.php	|	SELECT user_id,user_name_tmp,user_fname,user_lname,user_picture
				FROM user
				where user_fname like '    %' 
				or user_lname like '    %' 
				or concat(user_fname,' ',user_lname) like '    %'	
2020-03-13 02:03:03	7	localhost	/project/controller/Api.php	|	SELECT user_id,user_name_tmp,user_fname,user_lname,user_picture
				FROM user
				where user_fname like '     %' 
				or user_lname like '     %' 
				or concat(user_fname,' ',user_lname) like '     %'	
2020-03-13 02:03:03	7	localhost	/project/controller/Api.php	|	SELECT user_id,user_name_tmp,user_fname,user_lname,user_picture
				FROM user
				where user_fname like '      %' 
				or user_lname like '      %' 
				or concat(user_fname,' ',user_lname) like '      %'	
2020-03-13 02:03:03	7	localhost	/project/controller/Api.php	|	SELECT user_id,user_name_tmp,user_fname,user_lname,user_picture
				FROM user
				where user_fname like '       %' 
				or user_lname like '       %' 
				or concat(user_fname,' ',user_lname) like '       %'	
2020-03-13 02:03:03	7	localhost	/project/controller/Api.php	|	SELECT user_id,user_name_tmp,user_fname,user_lname,user_picture
				FROM user
				where user_fname like '        %' 
				or user_lname like '        %' 
				or concat(user_fname,' ',user_lname) like '        %'	
2020-03-13 02:03:09	7	localhost	/project/controller/Api.php	|	SELECT user_id,user_name_tmp,user_fname,user_lname,user_picture
				FROM user
				where user_fname like '%%' 
				or user_lname like '%%' 
				or concat(user_fname,' ',user_lname) like '%%'	
2020-03-13 02:03:09	7	localhost	/project/controller/Api.php	|	SELECT user_id,user_name_tmp,user_fname,user_lname,user_picture
				FROM user
				where user_fname like '%%' 
				or user_lname like '%%' 
				or concat(user_fname,' ',user_lname) like '%%'	
2020-03-13 02:03:13	7	localhost	/project/controller/Api.php	|	SELECT user_id,user_name_tmp,user_fname,user_lname,user_picture
				FROM user
				where user_fname like '%%' 
				or user_lname like '%%' 
				or concat(user_fname,' ',user_lname) like '%%'	
2020-03-13 02:03:13	7	localhost	/project/controller/Api.php	|	SELECT user_id,user_name_tmp,user_fname,user_lname,user_picture
				FROM user
				where user_fname like '%%' 
				or user_lname like '%%' 
				or concat(user_fname,' ',user_lname) like '%%'	
2020-03-13 02:03:14	7	localhost	/project/controller/Api.php	|	SELECT user_id,user_name_tmp,user_fname,user_lname,user_picture
				FROM user
				where user_fname like '%%' 
				or user_lname like '%%' 
				or concat(user_fname,' ',user_lname) like '%%'	
2020-03-13 02:03:14	7	localhost	/project/controller/Api.php	|	SELECT user_id,user_name_tmp,user_fname,user_lname,user_picture
				FROM user
				where user_fname like '%%%' 
				or user_lname like '%%%' 
				or concat(user_fname,' ',user_lname) like '%%%'	
2020-03-13 02:03:14	7	localhost	/project/controller/Api.php	|	SELECT user_id,user_name_tmp,user_fname,user_lname,user_picture
				FROM user
				where user_fname like '%%%%' 
				or user_lname like '%%%%' 
				or concat(user_fname,' ',user_lname) like '%%%%'	
2020-03-13 02:03:14	7	localhost	/project/controller/Api.php	|	SELECT user_id,user_name_tmp,user_fname,user_lname,user_picture
				FROM user
				where user_fname like '%%%%%' 
				or user_lname like '%%%%%' 
				or concat(user_fname,' ',user_lname) like '%%%%%'	
2020-03-13 02:03:15	7	localhost	/project/controller/Api.php	|	SELECT user_id,user_name_tmp,user_fname,user_lname,user_picture
				FROM user
				where user_fname like '%%%%%' 
				or user_lname like '%%%%%' 
				or concat(user_fname,' ',user_lname) like '%%%%%'	
2020-03-13 02:03:29	7	localhost	/project/controller/Api.php	|	SELECT user_id,user_name_tmp,user_fname,user_lname,user_picture
				FROM user
				where user_fname like '/%' 
				or user_lname like '/%' 
				or concat(user_fname,' ',user_lname) like '/%'	
2020-03-13 02:03:29	7	localhost	/project/controller/Api.php	|	SELECT user_id,user_name_tmp,user_fname,user_lname,user_picture
				FROM user
				where user_fname like '//%' 
				or user_lname like '//%' 
				or concat(user_fname,' ',user_lname) like '//%'	
2020-03-13 02:03:30	7	localhost	/project/controller/Api.php	|	SELECT user_id,user_name_tmp,user_fname,user_lname,user_picture
				FROM user
				where user_fname like '/%' 
				or user_lname like '/%' 
				or concat(user_fname,' ',user_lname) like '/%'	
2020-03-13 02:03:31	7	localhost	/project/controller/Api.php	|	SELECT user_id,user_name_tmp,user_fname,user_lname,user_picture
				FROM user
				where user_fname like 'u%' 
				or user_lname like 'u%' 
				or concat(user_fname,' ',user_lname) like 'u%'	
2020-03-13 02:03:31	7	localhost	/project/controller/Api.php	|	SELECT user_id,user_name_tmp,user_fname,user_lname,user_picture
				FROM user
				where user_fname like 'use%' 
				or user_lname like 'use%' 
				or concat(user_fname,' ',user_lname) like 'use%'	
2020-03-13 02:03:31	7	localhost	/project/controller/Api.php	|	SELECT user_id,user_name_tmp,user_fname,user_lname,user_picture
				FROM user
				where user_fname like 'use%' 
				or user_lname like 'use%' 
				or concat(user_fname,' ',user_lname) like 'use%'	
2020-03-13 02:03:31	7	localhost	/project/controller/Api.php	|	SELECT user_id,user_name_tmp,user_fname,user_lname,user_picture
				FROM user
				where user_fname like 'user%' 
				or user_lname like 'user%' 
				or concat(user_fname,' ',user_lname) like 'user%'	
2020-03-13 02:03:16	7	localhost	/project/controller/Api.php	|	SELECT user_id,user_name_tmp,user_fname,user_lname,user_picture
				FROM user
				where user_fname like '%%' 
				or user_lname like '%%' 
				or concat(user_fname,' ',user_lname) like '%%'	
2020-03-13 02:03:51	7	localhost	/project/controller/Api.php	|	SELECT user_id,user_name_tmp,user_fname,user_lname,user_picture
				FROM user
				where user_fname like '%' 
				or user_lname like '%' 
				or concat(user_fname,' ',user_lname) like '%'	
2020-03-13 02:03:51	7	localhost	/project/controller/Api.php	|	SELECT user_id,user_name_tmp,user_fname,user_lname,user_picture
				FROM user
				where user_fname like '%' 
				or user_lname like '%' 
				or concat(user_fname,' ',user_lname) like '%'	
2020-03-13 02:03:53	7	localhost	/project/controller/Api.php	|	SELECT user_id,user_name_tmp,user_fname,user_lname,user_picture
				FROM user
				where user_fname like '%' 
				or user_lname like '%' 
				or concat(user_fname,' ',user_lname) like '%'	
2020-03-13 02:03:53	7	localhost	/project/controller/Api.php	|	SELECT user_id,user_name_tmp,user_fname,user_lname,user_picture
				FROM user
				where user_fname like '%' 
				or user_lname like '%' 
				or concat(user_fname,' ',user_lname) like '%'	
2020-03-13 02:03:55	7	localhost	/project/controller/Api.php	|	SELECT user_id,user_name_tmp,user_fname,user_lname,user_picture
				FROM user
				where user_fname like 'asd%' 
				or user_lname like 'asd%' 
				or concat(user_fname,' ',user_lname) like 'asd%'	
2020-03-13 02:03:55	7	localhost	/project/controller/Api.php	|	SELECT user_id,user_name_tmp,user_fname,user_lname,user_picture
				FROM user
				where user_fname like 'asd%' 
				or user_lname like 'asd%' 
				or concat(user_fname,' ',user_lname) like 'asd%'	
2020-03-13 02:03:55	7	localhost	/project/controller/Api.php	|	SELECT user_id,user_name_tmp,user_fname,user_lname,user_picture
				FROM user
				where user_fname like 'asd%' 
				or user_lname like 'asd%' 
				or concat(user_fname,' ',user_lname) like 'asd%'	
2020-03-13 02:03:55	7	localhost	/project/controller/Api.php	|	SELECT user_id,user_name_tmp,user_fname,user_lname,user_picture
				FROM user
				where user_fname like 'as%' 
				or user_lname like 'as%' 
				or concat(user_fname,' ',user_lname) like 'as%'	
2020-03-13 02:03:55	7	localhost	/project/controller/Api.php	|	SELECT user_id,user_name_tmp,user_fname,user_lname,user_picture
				FROM user
				where user_fname like 'a%' 
				or user_lname like 'a%' 
				or concat(user_fname,' ',user_lname) like 'a%'	
2020-03-13 02:03:56	7	localhost	/project/controller/Api.php	|	SELECT user_id,user_name_tmp,user_fname,user_lname,user_picture
				FROM user
				where user_fname like 'das%' 
				or user_lname like 'das%' 
				or concat(user_fname,' ',user_lname) like 'das%'	
2020-03-13 02:03:56	7	localhost	/project/controller/Api.php	|	SELECT user_id,user_name_tmp,user_fname,user_lname,user_picture
				FROM user
				where user_fname like 'das%' 
				or user_lname like 'das%' 
				or concat(user_fname,' ',user_lname) like 'das%'	
2020-03-13 02:03:56	7	localhost	/project/controller/Api.php	|	SELECT user_id,user_name_tmp,user_fname,user_lname,user_picture
				FROM user
				where user_fname like 'dasd%' 
				or user_lname like 'dasd%' 
				or concat(user_fname,' ',user_lname) like 'dasd%'	
2020-03-13 02:03:56	7	localhost	/project/controller/Api.php	|	SELECT user_id,user_name_tmp,user_fname,user_lname,user_picture
				FROM user
				where user_fname like 'dasd%' 
				or user_lname like 'dasd%' 
				or concat(user_fname,' ',user_lname) like 'dasd%'	
2020-03-13 02:03:57	7	localhost	/project/controller/Api.php	|	SELECT user_id,user_name_tmp,user_fname,user_lname,user_picture
				FROM user
				where user_fname like 'das%' 
				or user_lname like 'das%' 
				or concat(user_fname,' ',user_lname) like 'das%'	
2020-03-13 02:03:57	7	localhost	/project/controller/Api.php	|	SELECT user_id,user_name_tmp,user_fname,user_lname,user_picture
				FROM user
				where user_fname like 'da%' 
				or user_lname like 'da%' 
				or concat(user_fname,' ',user_lname) like 'da%'	
2020-03-13 02:03:57	7	localhost	/project/controller/Api.php	|	SELECT user_id,user_name_tmp,user_fname,user_lname,user_picture
				FROM user
				where user_fname like 'd%' 
				or user_lname like 'd%' 
				or concat(user_fname,' ',user_lname) like 'd%'	
2020-03-13 02:03:58	7	localhost	/project/controller/Api.php	|	SELECT user_id,user_name_tmp,user_fname,user_lname,user_picture
				FROM user
				where user_fname like '%' 
				or user_lname like '%' 
				or concat(user_fname,' ',user_lname) like '%'	
2020-03-13 02:03:58	7	localhost	/project/controller/Api.php	|	SELECT user_id,user_name_tmp,user_fname,user_lname,user_picture
				FROM user
				where user_fname like '%' 
				or user_lname like '%' 
				or concat(user_fname,' ',user_lname) like '%'	
2020-03-13 02:03:12	7	localhost	/project/controller/Api.php	|	SELECT user_id,user_name_tmp,user_fname,user_lname,user_picture
				FROM user
				where user_fname like 'asd%' 
				or user_lname like 'asd%' 
				or concat(user_fname,' ',user_lname) like 'asd%'	
2020-03-13 02:03:12	7	localhost	/project/controller/Api.php	|	SELECT user_id,user_name_tmp,user_fname,user_lname,user_picture
				FROM user
				where user_fname like 'asd%' 
				or user_lname like 'asd%' 
				or concat(user_fname,' ',user_lname) like 'asd%'	
2020-03-13 02:03:12	7	localhost	/project/controller/Api.php	|	SELECT user_id,user_name_tmp,user_fname,user_lname,user_picture
				FROM user
				where user_fname like 'asd%' 
				or user_lname like 'asd%' 
				or concat(user_fname,' ',user_lname) like 'asd%'	
2020-03-13 02:03:13	7	localhost	/project/controller/Api.php	|	SELECT user_id,user_name_tmp,user_fname,user_lname,user_picture
				FROM user
				where user_fname like 'as%' 
				or user_lname like 'as%' 
				or concat(user_fname,' ',user_lname) like 'as%'	
2020-03-13 02:03:13	7	localhost	/project/controller/Api.php	|	SELECT user_id,user_name_tmp,user_fname,user_lname,user_picture
				FROM user
				where user_fname like 'a%' 
				or user_lname like 'a%' 
				or concat(user_fname,' ',user_lname) like 'a%'	
2020-03-13 02:03:13	7	localhost	/project/controller/Api.php	|	SELECT user_id,user_name_tmp,user_fname,user_lname,user_picture
				FROM user
				where user_fname like '' 
				or user_lname like '' 
				or concat(user_fname,' ',user_lname) like ''	
2020-03-13 02:03:15	7	localhost	/project/controller/Api.php	|	SELECT user_id,user_name_tmp,user_fname,user_lname,user_picture
				FROM user
				where user_fname like '' 
				or user_lname like '' 
				or concat(user_fname,' ',user_lname) like ''	
2020-03-13 02:03:15	7	localhost	/project/controller/Api.php	|	SELECT user_id,user_name_tmp,user_fname,user_lname,user_picture
				FROM user
				where user_fname like '' 
				or user_lname like '' 
				or concat(user_fname,' ',user_lname) like ''	
2020-03-13 02:03:16	7	localhost	/project/controller/Api.php	|	SELECT user_id,user_name_tmp,user_fname,user_lname,user_picture
				FROM user
				where user_fname like '' 
				or user_lname like '' 
				or concat(user_fname,' ',user_lname) like ''	
2020-03-13 02:03:17	7	localhost	/project/controller/Api.php	|	SELECT user_id,user_name_tmp,user_fname,user_lname,user_picture
				FROM user
				where user_fname like '' 
				or user_lname like '' 
				or concat(user_fname,' ',user_lname) like ''	
2020-03-13 02:03:17	7	localhost	/project/controller/Api.php	|	SELECT user_id,user_name_tmp,user_fname,user_lname,user_picture
				FROM user
				where user_fname like '' 
				or user_lname like '' 
				or concat(user_fname,' ',user_lname) like ''	
2020-03-13 02:03:17	7	localhost	/project/controller/Api.php	|	SELECT user_id,user_name_tmp,user_fname,user_lname,user_picture
				FROM user
				where user_fname like '' 
				or user_lname like '' 
				or concat(user_fname,' ',user_lname) like ''	
2020-03-13 02:03:17	7	localhost	/project/controller/Api.php	|	SELECT user_id,user_name_tmp,user_fname,user_lname,user_picture
				FROM user
				where user_fname like '' 
				or user_lname like '' 
				or concat(user_fname,' ',user_lname) like ''	
2020-03-13 02:03:18	7	localhost	/project/controller/Api.php	|	SELECT user_id,user_name_tmp,user_fname,user_lname,user_picture
				FROM user
				where user_fname like 's%' 
				or user_lname like 's%' 
				or concat(user_fname,' ',user_lname) like 's%'	
2020-03-13 02:03:19	7	localhost	/project/controller/Api.php	|	SELECT user_id,user_name_tmp,user_fname,user_lname,user_picture
				FROM user
				where user_fname like 'si%' 
				or user_lname like 'si%' 
				or concat(user_fname,' ',user_lname) like 'si%'	
2020-03-13 02:03:20	7	localhost	/project/controller/Api.php	|	SELECT user_id,user_name_tmp,user_fname,user_lname,user_picture
				FROM user
				where user_fname like 'sir%' 
				or user_lname like 'sir%' 
				or concat(user_fname,' ',user_lname) like 'sir%'	
2020-03-13 03:03:02	7	localhost	/project/controller/Api.php	|	SELECT user_id,user_name_tmp,user_fname,user_lname,user_picture
				FROM user
				where user_fname like '' 
				or user_lname like '' 
				or concat(user_fname,' ',user_lname) like ''	
2020-03-13 03:03:02	7	localhost	/project/controller/Api.php	|	SELECT user_id,user_name_tmp,user_fname,user_lname,user_picture
				FROM user
				where user_fname like '' 
				or user_lname like '' 
				or concat(user_fname,' ',user_lname) like ''	
2020-03-13 03:03:04	7	localhost	/project/controller/Api.php	|	SELECT user_id,user_name_tmp,user_fname,user_lname,user_picture
				FROM user
				where user_fname like 'us%' 
				or user_lname like 'us%' 
				or concat(user_fname,' ',user_lname) like 'us%'	
2020-03-13 03:03:04	7	localhost	/project/controller/Api.php	|	SELECT user_id,user_name_tmp,user_fname,user_lname,user_picture
				FROM user
				where user_fname like 'us%' 
				or user_lname like 'us%' 
				or concat(user_fname,' ',user_lname) like 'us%'	
2020-03-13 03:03:04	7	localhost	/project/controller/Api.php	|	SELECT user_id,user_name_tmp,user_fname,user_lname,user_picture
				FROM user
				where user_fname like 'usre%' 
				or user_lname like 'usre%' 
				or concat(user_fname,' ',user_lname) like 'usre%'	
2020-03-13 03:03:04	7	localhost	/project/controller/Api.php	|	SELECT user_id,user_name_tmp,user_fname,user_lname,user_picture
				FROM user
				where user_fname like 'usre%' 
				or user_lname like 'usre%' 
				or concat(user_fname,' ',user_lname) like 'usre%'	
2020-03-13 03:03:04	7	localhost	/project/controller/Api.php	|	SELECT user_id,user_name_tmp,user_fname,user_lname,user_picture
				FROM user
				where user_fname like 'usr%' 
				or user_lname like 'usr%' 
				or concat(user_fname,' ',user_lname) like 'usr%'	
2020-03-13 03:03:05	7	localhost	/project/controller/Api.php	|	SELECT user_id,user_name_tmp,user_fname,user_lname,user_picture
				FROM user
				where user_fname like 'us%' 
				or user_lname like 'us%' 
				or concat(user_fname,' ',user_lname) like 'us%'	
2020-03-13 03:03:05	7	localhost	/project/controller/Api.php	|	SELECT user_id,user_name_tmp,user_fname,user_lname,user_picture
				FROM user
				where user_fname like 'u%' 
				or user_lname like 'u%' 
				or concat(user_fname,' ',user_lname) like 'u%'	
2020-03-13 03:03:05	7	localhost	/project/controller/Api.php	|	SELECT user_id,user_name_tmp,user_fname,user_lname,user_picture
				FROM user
				where user_fname like 's%' 
				or user_lname like 's%' 
				or concat(user_fname,' ',user_lname) like 's%'	
2020-03-13 03:03:06	7	localhost	/project/controller/Api.php	|	SELECT user_id,user_name_tmp,user_fname,user_lname,user_picture
				FROM user
				where user_fname like 'si%' 
				or user_lname like 'si%' 
				or concat(user_fname,' ',user_lname) like 'si%'	
2020-03-13 03:03:06	7	localhost	/project/controller/Api.php	|	SELECT user_id,user_name_tmp,user_fname,user_lname,user_picture
				FROM user
				where user_fname like 'sir%' 
				or user_lname like 'sir%' 
				or concat(user_fname,' ',user_lname) like 'sir%'	
2020-03-13 03:03:06	7	localhost	/project/controller/Api.php	|	SELECT user_id,user_name_tmp,user_fname,user_lname,user_picture
				FROM user
				where user_fname like 'si%' 
				or user_lname like 'si%' 
				or concat(user_fname,' ',user_lname) like 'si%'	
2020-03-13 03:03:06	7	localhost	/project/controller/Api.php	|	SELECT user_id,user_name_tmp,user_fname,user_lname,user_picture
				FROM user
				where user_fname like 's%' 
				or user_lname like 's%' 
				or concat(user_fname,' ',user_lname) like 's%'	
2020-03-13 03:03:07	7	localhost	/project/controller/Api.php	|	SELECT user_id,user_name_tmp,user_fname,user_lname,user_picture
				FROM user
				where user_fname like 'n%' 
				or user_lname like 'n%' 
				or concat(user_fname,' ',user_lname) like 'n%'	
2020-03-13 03:03:08	7	localhost	/project/controller/Api.php	|	SELECT user_id,user_name_tmp,user_fname,user_lname,user_picture
				FROM user
				where user_fname like 'na%' 
				or user_lname like 'na%' 
				or concat(user_fname,' ',user_lname) like 'na%'	
2020-03-13 03:03:08	7	localhost	/project/controller/Api.php	|	SELECT user_id,user_name_tmp,user_fname,user_lname,user_picture
				FROM user
				where user_fname like 'nat%' 
				or user_lname like 'nat%' 
				or concat(user_fname,' ',user_lname) like 'nat%'	
2020-03-13 03:03:27	7	localhost	/project/controller/Api.php	|	SELECT user_id,user_name_tmp,user_fname,user_lname,user_picture
				FROM user
				where user_fname like 'nu%' 
				or user_lname like 'nu%' 
				or concat(user_fname,' ',user_lname) like 'nu%'	
2020-03-13 03:03:27	7	localhost	/project/controller/Api.php	|	SELECT user_id,user_name_tmp,user_fname,user_lname,user_picture
				FROM user
				where user_fname like 'nu%' 
				or user_lname like 'nu%' 
				or concat(user_fname,' ',user_lname) like 'nu%'	
2020-03-13 03:03:29	7	localhost	/project/controller/Api.php	|	SELECT user_id,user_name_tmp,user_fname,user_lname,user_picture
				FROM user
				where user_fname like 'n%' 
				or user_lname like 'n%' 
				or concat(user_fname,' ',user_lname) like 'n%'	
2020-03-13 03:03:29	7	localhost	/project/controller/Api.php	|	SELECT user_id,user_name_tmp,user_fname,user_lname,user_picture
				FROM user
				where user_fname like 'na%' 
				or user_lname like 'na%' 
				or concat(user_fname,' ',user_lname) like 'na%'	
2020-03-13 03:03:25	7	localhost	/project/controller/Api.php	|	SELECT user_id,user_name_tmp,user_fname,user_lname,user_picture
				FROM user
				where user_fname like 'n%' 
				or user_lname like 'n%' 
				or concat(user_fname,' ',user_lname) like 'n%'	
2020-03-13 03:03:25	7	localhost	/project/controller/Api.php	|	SELECT user_id,user_name_tmp,user_fname,user_lname,user_picture
				FROM user
				where user_fname like 'na%' 
				or user_lname like 'na%' 
				or concat(user_fname,' ',user_lname) like 'na%'	
2020-03-13 03:03:25	7	localhost	/project/controller/Api.php	|	SELECT user_id,user_name_tmp,user_fname,user_lname,user_picture
				FROM user
				where user_fname like 'nat%' 
				or user_lname like 'nat%' 
				or concat(user_fname,' ',user_lname) like 'nat%'	
2020-03-13 03:03:45	7	localhost	/project/controller/Api.php	|	SELECT user_id,user_name_tmp,user_fname,user_lname,user_picture
				FROM user
				where user_fname like 'asd%' 
				or user_lname like 'asd%' 
				or concat(user_fname,' ',user_lname) like 'asd%'	
2020-03-13 03:03:45	7	localhost	/project/controller/Api.php	|	SELECT user_id,user_name_tmp,user_fname,user_lname,user_picture
				FROM user
				where user_fname like 'asd%' 
				or user_lname like 'asd%' 
				or concat(user_fname,' ',user_lname) like 'asd%'	
2020-03-13 03:03:45	7	localhost	/project/controller/Api.php	|	SELECT user_id,user_name_tmp,user_fname,user_lname,user_picture
				FROM user
				where user_fname like 'asd%' 
				or user_lname like 'asd%' 
				or concat(user_fname,' ',user_lname) like 'asd%'	
2020-03-13 03:03:46	7	localhost	/project/controller/Api.php	|	SELECT user_id,user_name_tmp,user_fname,user_lname,user_picture
				FROM user
				where user_fname like 'as%' 
				or user_lname like 'as%' 
				or concat(user_fname,' ',user_lname) like 'as%'	
2020-03-13 03:03:46	7	localhost	/project/controller/Api.php	|	SELECT user_id,user_name_tmp,user_fname,user_lname,user_picture
				FROM user
				where user_fname like 'a%' 
				or user_lname like 'a%' 
				or concat(user_fname,' ',user_lname) like 'a%'	
2020-03-13 03:03:46	7	localhost	/project/controller/Api.php	|	SELECT user_id,user_name_tmp,user_fname,user_lname,user_picture
				FROM user
				where user_fname like 'n%' 
				or user_lname like 'n%' 
				or concat(user_fname,' ',user_lname) like 'n%'	
2020-03-13 03:03:46	7	localhost	/project/controller/Api.php	|	SELECT user_id,user_name_tmp,user_fname,user_lname,user_picture
				FROM user
				where user_fname like 'na%' 
				or user_lname like 'na%' 
				or concat(user_fname,' ',user_lname) like 'na%'	
2020-03-13 03:03:51	7	localhost	/project/controller/Api.php	|	SELECT user_id,user_name_tmp,user_fname,user_lname,user_picture
				FROM user
				where user_fname like 'n%' 
				or user_lname like 'n%' 
				or concat(user_fname,' ',user_lname) like 'n%'	
2020-03-13 03:03:51	7	localhost	/project/controller/Api.php	|	SELECT user_id,user_name_tmp,user_fname,user_lname,user_picture
				FROM user
				where user_fname like 'na%' 
				or user_lname like 'na%' 
				or concat(user_fname,' ',user_lname) like 'na%'	
2020-03-13 03:03:45	7	localhost	/project/controller/Api.php	|	SELECT user_id,user_name_tmp,user_fname,user_lname,user_picture
				FROM user
				where user_fname like 'n%' 
				or user_lname like 'n%' 
				or concat(user_fname,' ',user_lname) like 'n%'	
2020-03-13 03:03:45	7	localhost	/project/controller/Api.php	|	SELECT user_id,user_name_tmp,user_fname,user_lname,user_picture
				FROM user
				where user_fname like 'na%' 
				or user_lname like 'na%' 
				or concat(user_fname,' ',user_lname) like 'na%'	
2020-03-13 03:03:07	7	localhost	/project/controller/Api.php	|	SELECT user_id,user_name_tmp,user_fname,user_lname,user_picture
				FROM user
				where user_fname like 'n%' 
				or user_lname like 'n%' 
				or concat(user_fname,' ',user_lname) like 'n%'	
2020-03-13 03:03:07	7	localhost	/project/controller/Api.php	|	SELECT user_id,user_name_tmp,user_fname,user_lname,user_picture
				FROM user
				where user_fname like 'nat%' 
				or user_lname like 'nat%' 
				or concat(user_fname,' ',user_lname) like 'nat%'	
2020-03-13 03:03:07	7	localhost	/project/controller/Api.php	|	SELECT user_id,user_name_tmp,user_fname,user_lname,user_picture
				FROM user
				where user_fname like 'nat%' 
				or user_lname like 'nat%' 
				or concat(user_fname,' ',user_lname) like 'nat%'	
2020-03-13 03:03:19	7	localhost	/project/controller/Api.php	|	SELECT user_id,user_name_tmp,user_fname,user_lname,user_picture
				FROM user
				where user_fname like 'n%' 
				or user_lname like 'n%' 
				or concat(user_fname,' ',user_lname) like 'n%'	
2020-03-13 03:03:19	7	localhost	/project/controller/Api.php	|	SELECT user_id,user_name_tmp,user_fname,user_lname,user_picture
				FROM user
				where user_fname like 'na%' 
				or user_lname like 'na%' 
				or concat(user_fname,' ',user_lname) like 'na%'	
2020-03-13 03:03:19	7	localhost	/project/controller/Api.php	|	SELECT user_id,user_name_tmp,user_fname,user_lname,user_picture
				FROM user
				where user_fname like 'nat%' 
				or user_lname like 'nat%' 
				or concat(user_fname,' ',user_lname) like 'nat%'	
2020-03-13 03:03:01	7	localhost	/project/controller/Api.php	|	SELECT user_id,user_name_tmp,user_fname,user_lname,user_picture
				FROM user
				where user_fname like 'n%' 
				or user_lname like 'n%' 
				or concat(user_fname,' ',user_lname) like 'n%'	
2020-03-13 03:03:01	7	localhost	/project/controller/Api.php	|	SELECT user_id,user_name_tmp,user_fname,user_lname,user_picture
				FROM user
				where user_fname like 'na%' 
				or user_lname like 'na%' 
				or concat(user_fname,' ',user_lname) like 'na%'	
2020-03-13 03:03:43	7	localhost	/project/controller/Api.php	|	SELECT user_id,user_name_tmp,user_fname,user_lname,user_picture
				FROM user
				where user_fname like 'n%' 
				or user_lname like 'n%' 
				or concat(user_fname,' ',user_lname) like 'n%'	
2020-03-13 03:03:44	7	localhost	/project/controller/Api.php	|	SELECT user_id,user_name_tmp,user_fname,user_lname,user_picture
				FROM user
				where user_fname like 'na%' 
				or user_lname like 'na%' 
				or concat(user_fname,' ',user_lname) like 'na%'	
2020-03-13 03:03:16	7	localhost	/project/controller/Api.php	|	SELECT user_id,user_name_tmp,user_fname,user_lname,user_picture
				FROM user
				where user_fname like 'n%' 
				or user_lname like 'n%' 
				or concat(user_fname,' ',user_lname) like 'n%'	
2020-03-13 03:03:16	7	localhost	/project/controller/Api.php	|	SELECT user_id,user_name_tmp,user_fname,user_lname,user_picture
				FROM user
				where user_fname like 'na%' 
				or user_lname like 'na%' 
				or concat(user_fname,' ',user_lname) like 'na%'	
2020-03-13 03:03:40	7	localhost	/project/controller/Api.php	|	SELECT user_id,user_name_tmp,user_fname,user_lname,user_picture
				FROM user
				where user_fname like 'n%' 
				or user_lname like 'n%' 
				or concat(user_fname,' ',user_lname) like 'n%'	
2020-03-13 03:03:41	7	localhost	/project/controller/Api.php	|	SELECT user_id,user_name_tmp,user_fname,user_lname,user_picture
				FROM user
				where user_fname like 'na%' 
				or user_lname like 'na%' 
				or concat(user_fname,' ',user_lname) like 'na%'	
2020-03-13 03:03:05	7	localhost	/project/controller/Api.php	|	SELECT user_id,user_name_tmp,user_fname,user_lname,user_picture
				FROM user
				where user_fname like 'n%' 
				or user_lname like 'n%' 
				or concat(user_fname,' ',user_lname) like 'n%'	
2020-03-13 03:03:05	7	localhost	/project/controller/Api.php	|	SELECT user_id,user_name_tmp,user_fname,user_lname,user_picture
				FROM user
				where user_fname like 'na%' 
				or user_lname like 'na%' 
				or concat(user_fname,' ',user_lname) like 'na%'	
2020-03-13 04:03:00	7	localhost	/project/controller/Api.php	|	SELECT user_id,user_name_tmp,user_fname,user_lname,user_picture
				FROM user
				where user_fname like 'n%' 
				or user_lname like 'n%' 
				or concat(user_fname,' ',user_lname) like 'n%'	
2020-03-13 04:03:00	7	localhost	/project/controller/Api.php	|	SELECT user_id,user_name_tmp,user_fname,user_lname,user_picture
				FROM user
				where user_fname like 'na%' 
				or user_lname like 'na%' 
				or concat(user_fname,' ',user_lname) like 'na%'	
2020-03-13 04:03:01	7	localhost	/project/controller/Api.php	|	SELECT user_id,user_name_tmp,user_fname,user_lname,user_picture
				FROM user
				where user_fname like 'natr%' 
				or user_lname like 'natr%' 
				or concat(user_fname,' ',user_lname) like 'natr%'	
2020-03-13 04:03:01	7	localhost	/project/controller/Api.php	|	SELECT user_id,user_name_tmp,user_fname,user_lname,user_picture
				FROM user
				where user_fname like 'natr%' 
				or user_lname like 'natr%' 
				or concat(user_fname,' ',user_lname) like 'natr%'	
2020-03-13 04:03:03	7	localhost	/project/controller/Api.php	|	SELECT user_id,user_name_tmp,user_fname,user_lname,user_picture
				FROM user
				where user_fname like 'natr%' 
				or user_lname like 'natr%' 
				or concat(user_fname,' ',user_lname) like 'natr%'	
2020-03-13 04:03:07	7	localhost	/project/controller/Api.php	|	SELECT user_id,user_name_tmp,user_fname,user_lname,user_picture
				FROM user
				where user_fname like 'nat%' 
				or user_lname like 'nat%' 
				or concat(user_fname,' ',user_lname) like 'nat%'	
2020-03-13 04:03:34	7	localhost	/project/controller/Api.php	|	SELECT user_id,user_name_tmp,user_fname,user_lname,user_picture
				FROM user
				where user_fname like 'n%' 
				or user_lname like 'n%' 
				or concat(user_fname,' ',user_lname) like 'n%'	
2020-03-13 04:03:34	7	localhost	/project/controller/Api.php	|	SELECT user_id,user_name_tmp,user_fname,user_lname,user_picture
				FROM user
				where user_fname like 'na%' 
				or user_lname like 'na%' 
				or concat(user_fname,' ',user_lname) like 'na%'	
2020-03-13 04:03:35	7	localhost	/project/controller/Api.php	|	SELECT user_id,user_name_tmp,user_fname,user_lname,user_picture
				FROM user
				where user_fname like 'nat%' 
				or user_lname like 'nat%' 
				or concat(user_fname,' ',user_lname) like 'nat%'	
2020-03-13 04:03:37	7	localhost	/project/controller/Api.php	|	SELECT user_id,user_name_tmp,user_fname,user_lname,user_picture
				FROM user
				where user_fname like 'nat%' 
				or user_lname like 'nat%' 
				or concat(user_fname,' ',user_lname) like 'nat%'	
2020-03-13 04:03:33	7	localhost	/project/controller/Api.php	|	SELECT user_id,user_name_tmp,user_fname,user_lname,user_picture
				FROM user
				where user_fname like 'n%' 
				or user_lname like 'n%' 
				or concat(user_fname,' ',user_lname) like 'n%'	
2020-03-13 04:03:34	7	localhost	/project/controller/Api.php	|	SELECT user_id,user_name_tmp,user_fname,user_lname,user_picture
				FROM user
				where user_fname like 'na%' 
				or user_lname like 'na%' 
				or concat(user_fname,' ',user_lname) like 'na%'	
2020-03-13 04:03:34	7	localhost	/project/controller/Api.php	|	SELECT user_id,user_name_tmp,user_fname,user_lname,user_picture
				FROM user
				where user_fname like 'nat%' 
				or user_lname like 'nat%' 
				or concat(user_fname,' ',user_lname) like 'nat%'	
2020-03-13 04:03:35	7	localhost	/project/controller/Api.php	|	SELECT user_id,user_name_tmp,user_fname,user_lname,user_picture
				FROM user
				where user_fname like 'nat%' 
				or user_lname like 'nat%' 
				or concat(user_fname,' ',user_lname) like 'nat%'	
2020-03-13 04:03:12	7	localhost	/project/controller/Api.php	|	SELECT user_id,user_name_tmp,user_fname,user_lname,user_picture
				FROM user
				where user_fname like 'n%' 
				or user_lname like 'n%' 
				or concat(user_fname,' ',user_lname) like 'n%'	
2020-03-13 04:03:12	7	localhost	/project/controller/Api.php	|	SELECT user_id,user_name_tmp,user_fname,user_lname,user_picture
				FROM user
				where user_fname like 'nat%' 
				or user_lname like 'nat%' 
				or concat(user_fname,' ',user_lname) like 'nat%'	
2020-03-13 04:03:12	7	localhost	/project/controller/Api.php	|	SELECT user_id,user_name_tmp,user_fname,user_lname,user_picture
				FROM user
				where user_fname like 'nat%' 
				or user_lname like 'nat%' 
				or concat(user_fname,' ',user_lname) like 'nat%'	
2020-03-13 04:03:16	7	localhost	/project/controller/Api.php	|	SELECT user_id,user_name_tmp,user_fname,user_lname,user_picture
				FROM user
				where user_fname like 'nat%' 
				or user_lname like 'nat%' 
				or concat(user_fname,' ',user_lname) like 'nat%'	
2020-03-13 04:03:46	7	localhost	/project/controller/Api.php	|	SELECT user_id,user_name_tmp,user_fname,user_lname,user_picture
				FROM user
				where user_fname like 'm%' 
				or user_lname like 'm%' 
				or concat(user_fname,' ',user_lname) like 'm%'	
2020-03-13 04:03:46	7	localhost	/project/controller/Api.php	|	SELECT user_id,user_name_tmp,user_fname,user_lname,user_picture
				FROM user
				where user_fname like 'na%' 
				or user_lname like 'na%' 
				or concat(user_fname,' ',user_lname) like 'na%'	
2020-03-13 04:03:47	7	localhost	/project/controller/Api.php	|	SELECT user_id,user_name_tmp,user_fname,user_lname,user_picture
				FROM user
				where user_fname like 'nat%' 
				or user_lname like 'nat%' 
				or concat(user_fname,' ',user_lname) like 'nat%'	
2020-03-13 04:03:47	7	localhost	/project/controller/Api.php	|	SELECT user_id,user_name_tmp,user_fname,user_lname,user_picture
				FROM user
				where user_fname like 'nat%' 
				or user_lname like 'nat%' 
				or concat(user_fname,' ',user_lname) like 'nat%'	
2020-03-13 04:03:47	7	localhost	/project/controller/Api.php	|	SELECT user_id,user_name_tmp,user_fname,user_lname,user_picture
				FROM user
				where user_fname like 'natca%' 
				or user_lname like 'natca%' 
				or concat(user_fname,' ',user_lname) like 'natca%'	
2020-03-13 04:03:47	7	localhost	/project/controller/Api.php	|	SELECT user_id,user_name_tmp,user_fname,user_lname,user_picture
				FROM user
				where user_fname like 'natca%' 
				or user_lname like 'natca%' 
				or concat(user_fname,' ',user_lname) like 'natca%'	
2020-03-13 04:03:49	7	localhost	/project/controller/Api.php	|	SELECT user_id,user_name_tmp,user_fname,user_lname,user_picture
				FROM user
				where user_fname like 'n%' 
				or user_lname like 'n%' 
				or concat(user_fname,' ',user_lname) like 'n%'	
2020-03-13 04:03:49	7	localhost	/project/controller/Api.php	|	SELECT user_id,user_name_tmp,user_fname,user_lname,user_picture
				FROM user
				where user_fname like 'na%' 
				or user_lname like 'na%' 
				or concat(user_fname,' ',user_lname) like 'na%'	
2020-03-13 04:03:49	7	localhost	/project/controller/Api.php	|	SELECT user_id,user_name_tmp,user_fname,user_lname,user_picture
				FROM user
				where user_fname like 'nat%' 
				or user_lname like 'nat%' 
				or concat(user_fname,' ',user_lname) like 'nat%'	
2020-03-13 04:03:34	7	localhost	/project/controller/Api.php	|	SELECT user_id,user_name_tmp,user_fname,user_lname,user_picture
				FROM user
				where user_fname like 'n%' 
				or user_lname like 'n%' 
				or concat(user_fname,' ',user_lname) like 'n%'	
2020-03-13 04:03:34	7	localhost	/project/controller/Api.php	|	SELECT user_id,user_name_tmp,user_fname,user_lname,user_picture
				FROM user
				where user_fname like 'na%' 
				or user_lname like 'na%' 
				or concat(user_fname,' ',user_lname) like 'na%'	
2020-03-13 04:03:34	7	localhost	/project/controller/Api.php	|	SELECT user_id,user_name_tmp,user_fname,user_lname,user_picture
				FROM user
				where user_fname like 'natr%' 
				or user_lname like 'natr%' 
				or concat(user_fname,' ',user_lname) like 'natr%'	
2020-03-13 04:03:34	7	localhost	/project/controller/Api.php	|	SELECT user_id,user_name_tmp,user_fname,user_lname,user_picture
				FROM user
				where user_fname like 'natr%' 
				or user_lname like 'natr%' 
				or concat(user_fname,' ',user_lname) like 'natr%'	
2020-03-13 04:03:35	7	localhost	/project/controller/Api.php	|	SELECT user_id,user_name_tmp,user_fname,user_lname,user_picture
				FROM user
				where user_fname like 'nat%' 
				or user_lname like 'nat%' 
				or concat(user_fname,' ',user_lname) like 'nat%'	
2020-03-13 04:03:04	7	localhost	/project/controller/Api.php	|	SELECT user_id,user_name_tmp,user_fname,user_lname,user_picture
				FROM user
				where user_fname like 'n%' 
				or user_lname like 'n%' 
				or concat(user_fname,' ',user_lname) like 'n%'	
2020-03-13 04:03:05	7	localhost	/project/controller/Api.php	|	SELECT user_id,user_name_tmp,user_fname,user_lname,user_picture
				FROM user
				where user_fname like 'nar%' 
				or user_lname like 'nar%' 
				or concat(user_fname,' ',user_lname) like 'nar%'	
2020-03-13 04:03:05	7	localhost	/project/controller/Api.php	|	SELECT user_id,user_name_tmp,user_fname,user_lname,user_picture
				FROM user
				where user_fname like 'nar%' 
				or user_lname like 'nar%' 
				or concat(user_fname,' ',user_lname) like 'nar%'	
2020-03-13 04:03:25	7	localhost	/project/controller/Api.php	|	SELECT user_id,user_name_tmp,user_fname,user_lname,user_picture
				FROM user
				where user_fname like 'n%' 
				or user_lname like 'n%' 
				or concat(user_fname,' ',user_lname) like 'n%'	
2020-03-13 04:03:25	7	localhost	/project/controller/Api.php	|	SELECT user_id,user_name_tmp,user_fname,user_lname,user_picture
				FROM user
				where user_fname like 'na%' 
				or user_lname like 'na%' 
				or concat(user_fname,' ',user_lname) like 'na%'	
2020-03-13 04:03:26	7	localhost	/project/controller/Api.php	|	SELECT user_id,user_name_tmp,user_fname,user_lname,user_picture
				FROM user
				where user_fname like 'nat%' 
				or user_lname like 'nat%' 
				or concat(user_fname,' ',user_lname) like 'nat%'	
2020-03-13 04:03:49	7	localhost	/project/controller/Api.php	|	SELECT user_id,user_name_tmp,user_fname,user_lname,user_picture
				FROM user
				where user_fname like 'n%' 
				or user_lname like 'n%' 
				or concat(user_fname,' ',user_lname) like 'n%'	
2020-03-13 04:03:49	7	localhost	/project/controller/Api.php	|	SELECT user_id,user_name_tmp,user_fname,user_lname,user_picture
				FROM user
				where user_fname like 'na%' 
				or user_lname like 'na%' 
				or concat(user_fname,' ',user_lname) like 'na%'	
2020-03-13 04:03:09	7	localhost	/project/controller/Api.php	|	SELECT user_id,user_name_tmp,user_fname,user_lname,user_picture
				FROM user
				where user_fname like 'n%' 
				or user_lname like 'n%' 
				or concat(user_fname,' ',user_lname) like 'n%'	
2020-03-13 04:03:09	7	localhost	/project/controller/Api.php	|	SELECT user_id,user_name_tmp,user_fname,user_lname,user_picture
				FROM user
				where user_fname like 'na%' 
				or user_lname like 'na%' 
				or concat(user_fname,' ',user_lname) like 'na%'	
2020-03-13 04:03:10	7	localhost	/project/controller/Api.php	|	SELECT user_id,user_name_tmp,user_fname,user_lname,user_picture
				FROM user
				where user_fname like 'nar%' 
				or user_lname like 'nar%' 
				or concat(user_fname,' ',user_lname) like 'nar%'	
2020-03-13 04:03:34	7	localhost	/project/controller/Api.php	|	SELECT user_id,user_name_tmp,user_fname,user_lname,user_picture
				FROM user
				where user_fname like 'n%' 
				or user_lname like 'n%' 
				or concat(user_fname,' ',user_lname) like 'n%'	
2020-03-13 04:03:34	7	localhost	/project/controller/Api.php	|	SELECT user_id,user_name_tmp,user_fname,user_lname,user_picture
				FROM user
				where user_fname like 'na%' 
				or user_lname like 'na%' 
				or concat(user_fname,' ',user_lname) like 'na%'	
2020-03-13 04:03:07	7	localhost	/project/controller/Api.php	|	SELECT user_id,user_name_tmp,user_fname,user_lname,user_picture
				FROM user
				where user_fname like 'n%' 
				or user_lname like 'n%' 
				or concat(user_fname,' ',user_lname) like 'n%'	
2020-03-13 04:03:07	7	localhost	/project/controller/Api.php	|	SELECT user_id,user_name_tmp,user_fname,user_lname,user_picture
				FROM user
				where user_fname like 'na%' 
				or user_lname like 'na%' 
				or concat(user_fname,' ',user_lname) like 'na%'	
2020-03-13 04:03:07	7	localhost	/project/controller/Api.php	|	SELECT user_id,user_name_tmp,user_fname,user_lname,user_picture
				FROM user
				where user_fname like 'nat%' 
				or user_lname like 'nat%' 
				or concat(user_fname,' ',user_lname) like 'nat%'	
2020-03-13 04:03:53	7	localhost	/project/controller/Api.php	|	SELECT user_id,user_name_tmp,user_fname,user_lname,user_picture
				FROM user
				where user_fname like 'n%' 
				or user_lname like 'n%' 
				or concat(user_fname,' ',user_lname) like 'n%'	
2020-03-13 04:03:54	7	localhost	/project/controller/Api.php	|	SELECT user_id,user_name_tmp,user_fname,user_lname,user_picture
				FROM user
				where user_fname like 'na%' 
				or user_lname like 'na%' 
				or concat(user_fname,' ',user_lname) like 'na%'	
2020-03-13 04:03:55	7	localhost	/project/controller/Api.php	|	SELECT user_id,user_name_tmp,user_fname,user_lname,user_picture
				FROM user
				where user_fname like 'na%' 
				or user_lname like 'na%' 
				or concat(user_fname,' ',user_lname) like 'na%'	
2020-03-13 04:03:08	7	localhost	/project/controller/Api.php	|	SELECT user_id,user_name_tmp,user_fname,user_lname,user_picture
				FROM user
				where user_fname like 'n%' 
				or user_lname like 'n%' 
				or concat(user_fname,' ',user_lname) like 'n%'	
2020-03-13 04:03:08	7	localhost	/project/controller/Api.php	|	SELECT user_id,user_name_tmp,user_fname,user_lname,user_picture
				FROM user
				where user_fname like 'na%' 
				or user_lname like 'na%' 
				or concat(user_fname,' ',user_lname) like 'na%'	
2020-03-13 04:03:09	7	localhost	/project/controller/Api.php	|	SELECT user_id,user_name_tmp,user_fname,user_lname,user_picture
				FROM user
				where user_fname like 'nat%' 
				or user_lname like 'nat%' 
				or concat(user_fname,' ',user_lname) like 'nat%'	
2020-03-13 09:03:59	7	localhost	/project/controller/Api.php	|	SELECT user_id,user_name_tmp,user_fname,user_lname,user_picture
				FROM user
				where user_fname like 'n%' 
				or user_lname like 'n%' 
				or concat(user_fname,' ',user_lname) like 'n%'	
2020-03-13 09:03:59	7	localhost	/project/controller/Api.php	|	SELECT user_id,user_name_tmp,user_fname,user_lname,user_picture
				FROM user
				where user_fname like 'na%' 
				or user_lname like 'na%' 
				or concat(user_fname,' ',user_lname) like 'na%'	
2020-03-13 09:03:59	7	localhost	/project/controller/Api.php	|	SELECT user_id,user_name_tmp,user_fname,user_lname,user_picture
				FROM user
				where user_fname like 'nat%' 
				or user_lname like 'nat%' 
				or concat(user_fname,' ',user_lname) like 'nat%'	
2020-03-13 09:03:27	7	localhost	/project/controller/Api.php	|	SELECT user_id,user_name_tmp,user_fname,user_lname,user_picture
				FROM user
				where user_fname like 'n%' 
				or user_lname like 'n%' 
				or concat(user_fname,' ',user_lname) like 'n%'	
2020-03-13 09:03:27	7	localhost	/project/controller/Api.php	|	SELECT user_id,user_name_tmp,user_fname,user_lname,user_picture
				FROM user
				where user_fname like 'na%' 
				or user_lname like 'na%' 
				or concat(user_fname,' ',user_lname) like 'na%'	
2020-03-13 09:03:27	7	localhost	/project/controller/Api.php	|	SELECT user_id,user_name_tmp,user_fname,user_lname,user_picture
				FROM user
				where user_fname like 'nat%' 
				or user_lname like 'nat%' 
				or concat(user_fname,' ',user_lname) like 'nat%'	
2020-03-13 09:03:28	7	localhost	/project/controller/Api.php?userid=7	|	SELECT *
				FROM user
				WHERE user_id = '7'	
2020-03-13 09:03:00	7	localhost	/project/controller/Api.php	|	SELECT user_id,user_name_tmp,user_fname,user_lname,user_picture
				FROM user
				where user_fname like 'n%' 
				or user_lname like 'n%' 
				or concat(user_fname,' ',user_lname) like 'n%'	
2020-03-13 09:03:00	7	localhost	/project/controller/Api.php	|	SELECT user_id,user_name_tmp,user_fname,user_lname,user_picture
				FROM user
				where user_fname like 'na%' 
				or user_lname like 'na%' 
				or concat(user_fname,' ',user_lname) like 'na%'	
2020-03-13 09:03:01	7	localhost	/project/controller/Api.php?userid=7	|	SELECT *
				FROM user
				WHERE user_id = '7'	
2020-03-13 09:03:16	7	localhost	/project/controller/Api.php	|	SELECT user_id,user_name_tmp,user_fname,user_lname,user_picture
				FROM user
				where user_fname like 'n%' 
				or user_lname like 'n%' 
				or concat(user_fname,' ',user_lname) like 'n%'	
2020-03-13 09:03:16	7	localhost	/project/controller/Api.php	|	SELECT user_id,user_name_tmp,user_fname,user_lname,user_picture
				FROM user
				where user_fname like 'na%' 
				or user_lname like 'na%' 
				or concat(user_fname,' ',user_lname) like 'na%'	
2020-03-13 09:03:16	7	localhost	/project/controller/Api.php?userid=7	|	SELECT *
				FROM user
				WHERE user_id = '7'	
2020-03-13 10:03:58	7	localhost	/project/controller/Api.php	|	SELECT user_id,user_name_tmp,user_fname,user_lname,user_picture
				FROM user
				where user_fname like 's%' 
				or user_lname like 's%' 
				or concat(user_fname,' ',user_lname) like 's%'	
2020-03-13 10:03:58	7	localhost	/project/controller/Api.php?userid=6	|	SELECT *
				FROM user
				WHERE user_id = '6'	
2020-03-13 10:03:07	7	localhost	/project/controller/Api.php	|	SELECT user_id,user_name_tmp,user_fname,user_lname,user_picture
				FROM user
				where user_fname like 's%' 
				or user_lname like 's%' 
				or concat(user_fname,' ',user_lname) like 's%'	
2020-03-13 10:03:07	7	localhost	/project/controller/Api.php?userid=6	|	SELECT *
				FROM user
				WHERE user_id = '6'	
2020-03-13 10:03:46	7	localhost	/project/controller/Api.php	|	SELECT user_id,user_name_tmp,user_fname,user_lname,user_picture
				FROM user
				where user_fname like 's%' 
				or user_lname like 's%' 
				or concat(user_fname,' ',user_lname) like 's%'	
2020-03-13 10:03:46	7	localhost	/project/controller/Api.php	|	SELECT user_id,user_name_tmp,user_fname,user_lname,user_picture
				FROM user
				where user_fname like 'si%' 
				or user_lname like 'si%' 
				or concat(user_fname,' ',user_lname) like 'si%'	
2020-03-13 10:03:47	7	localhost	/project/controller/Api.php?userid=6	|	SELECT *
				FROM user
				WHERE user_id = '6'	
2020-03-13 10:03:06	7	localhost	/project/controller/Api.php	|	SELECT user_id,user_name_tmp,user_fname,user_lname,user_picture
				FROM user
				where user_fname like 's%' 
				or user_lname like 's%' 
				or concat(user_fname,' ',user_lname) like 's%'	
2020-03-13 10:03:07	7	localhost	/project/controller/Api.php?userid=6	|	SELECT *
				FROM user
				WHERE user_id = '6'	
2020-03-13 10:03:26	7	localhost	/project/controller/Api.php	|	SELECT user_id,user_name_tmp,user_fname,user_lname,user_picture
				FROM user
				where user_fname like 's%' 
				or user_lname like 's%' 
				or concat(user_fname,' ',user_lname) like 's%'	
2020-03-13 10:03:26	7	localhost	/project/controller/Api.php?userid=6	|	SELECT *
				FROM user
				WHERE user_id = '6'	
2020-03-13 10:03:53	7	localhost	/project/controller/Api.php	|	INSERT INTO chat(chat_sender,chat_reciever,chat_message)
				VALUES('7', '6', 'test')	
2020-03-13 11:03:01	7	localhost	/project/controller/Api.php	|	SELECT user_id,user_name_tmp,user_fname,user_lname,user_picture
				FROM user
				where user_fname like 's%' 
				or user_lname like 's%' 
				or concat(user_fname,' ',user_lname) like 's%'	
2020-03-13 11:03:02	7	localhost	/project/controller/Api.php?userid=6	|	SELECT *
				FROM user
				WHERE user_id = '6'	
2020-03-13 11:03:04	7	localhost	/project/controller/Api.php?userid=6	|	SELECT *
				FROM user
				WHERE user_id = '6'	
2020-03-13 11:03:09	7	localhost	/project/controller/Api.php	|	SELECT user_id,user_name_tmp,user_fname,user_lname,user_picture
				FROM user
				where user_fname like 's%' 
				or user_lname like 's%' 
				or concat(user_fname,' ',user_lname) like 's%'	
2020-03-13 11:03:09	7	localhost	/project/controller/Api.php	|	SELECT user_id,user_name_tmp,user_fname,user_lname,user_picture
				FROM user
				where user_fname like 'si%' 
				or user_lname like 'si%' 
				or concat(user_fname,' ',user_lname) like 'si%'	
2020-03-13 11:03:10	7	localhost	/project/controller/Api.php?userid=6	|	SELECT *
				FROM user
				WHERE user_id = '6'	
2020-03-13 11:03:43	7	localhost	/project/controller/Api.php	|	SELECT user_id,user_name_tmp,user_fname,user_lname,user_picture
				FROM user
				where user_fname like 's%' 
				or user_lname like 's%' 
				or concat(user_fname,' ',user_lname) like 's%'	
2020-03-13 11:03:44	7	localhost	/project/controller/Api.php?userid=6	|	SELECT *
				FROM user
				WHERE user_id = '6'	
2020-03-13 11:03:44	7	localhost	/project/controller/Api.php	|	SELECT *
				FROM chat
				WHERE (chat_sender = '7' AND chat_reciever = '6') OR (chat_sender = '6' AND chat_reciever = '7')
				ORDER BY chat_time ASC	
2020-03-13 11:03:27	7	localhost	/project/controller/Api.php	|	SELECT user_id,user_name_tmp,user_fname,user_lname,user_picture
				FROM user
				where user_fname like 's%' 
				or user_lname like 's%' 
				or concat(user_fname,' ',user_lname) like 's%'	
2020-03-13 11:03:28	7	localhost	/project/controller/Api.php?userid=6	|	SELECT *
				FROM user
				WHERE user_id = '6'	
2020-03-13 11:03:28	7	localhost	/project/controller/Api.php	|	SELECT *
				FROM chat
				WHERE (chat_sender = '7' AND chat_reciever = '6') OR (chat_sender = '6' AND chat_reciever = '7')
				ORDER BY chat_time ASC	
2020-03-13 11:03:04	7	localhost	/project/controller/Api.php	|	SELECT user_id,user_name_tmp,user_fname,user_lname,user_picture
				FROM user
				where user_fname like 's%' 
				or user_lname like 's%' 
				or concat(user_fname,' ',user_lname) like 's%'	
2020-03-13 11:03:04	7	localhost	/project/controller/Api.php?userid=6	|	SELECT *
				FROM user
				WHERE user_id = '6'	
2020-03-13 11:03:04	7	localhost	/project/controller/Api.php	|	SELECT *
				FROM chat
				WHERE (chat_sender = '7' AND chat_reciever = '6') OR (chat_sender = '6' AND chat_reciever = '7')
				ORDER BY chat_time ASC	
2020-03-13 11:03:18	7	localhost	/project/controller/Api.php	|	SELECT user_id,user_name_tmp,user_fname,user_lname,user_picture
				FROM user
				where user_fname like 's%' 
				or user_lname like 's%' 
				or concat(user_fname,' ',user_lname) like 's%'	
2020-03-13 11:03:18	7	localhost	/project/controller/Api.php?userid=6	|	SELECT *
				FROM user
				WHERE user_id = '6'	
2020-03-13 11:03:18	7	localhost	/project/controller/Api.php	|	SELECT *
				FROM chat
				WHERE (chat_sender = '7' AND chat_reciever = '6') OR (chat_sender = '6' AND chat_reciever = '7')
				ORDER BY chat_time ASC	
2020-03-13 11:03:05	7	localhost	/project/controller/Api.php	|	SELECT user_id,user_name_tmp,user_fname,user_lname,user_picture
				FROM user
				where user_fname like 's%' 
				or user_lname like 's%' 
				or concat(user_fname,' ',user_lname) like 's%'	
2020-03-13 11:03:05	7	localhost	/project/controller/Api.php?userid=6	|	SELECT *
				FROM user
				WHERE user_id = '6'	
2020-03-13 11:03:06	7	localhost	/project/controller/Api.php	|	SELECT *
				FROM chat
				WHERE (chat_sender = '7' AND chat_reciever = '6') OR (chat_sender = '6' AND chat_reciever = '7')
				ORDER BY chat_time ASC	
2020-03-13 11:03:11	7	localhost	/project/controller/Api.php	|	INSERT INTO chat(chat_sender,chat_reciever,chat_message)
				VALUES('7', '6', 'hello')	
2020-03-13 11:03:46	7	localhost	/project/controller/Api.php	|	SELECT user_id,user_name_tmp,user_fname,user_lname,user_picture
				FROM user
				where user_fname like 's%' 
				or user_lname like 's%' 
				or concat(user_fname,' ',user_lname) like 's%'	
2020-03-13 11:03:47	7	localhost	/project/controller/Api.php?userid=6	|	SELECT *
				FROM user
				WHERE user_id = '6'	
2020-03-13 11:03:47	7	localhost	/project/controller/Api.php	|	SELECT *
				FROM chat
				WHERE (chat_sender = '7' AND chat_reciever = '6') OR (chat_sender = '6' AND chat_reciever = '7')
				ORDER BY chat_time ASC	
2020-03-13 11:03:49	7	localhost	/project/controller/Api.php	|	INSERT INTO chat(chat_sender,chat_reciever,chat_message)
				VALUES('7', '6', 'why')	
2020-03-13 11:03:43	7	localhost	/project/controller/Api.php	|	INSERT INTO chat(chat_sender,chat_reciever,chat_message)
				VALUES('7', '6', '&lt;script&gt;alert(\'test\')&lt;/script&gt;')	
2020-03-13 11:03:45	7	localhost	/project/controller/Api.php	|	SELECT user_id,user_name_tmp,user_fname,user_lname,user_picture
				FROM user
				where user_fname like 's%' 
				or user_lname like 's%' 
				or concat(user_fname,' ',user_lname) like 's%'	
2020-03-13 11:03:46	7	localhost	/project/controller/Api.php?userid=6	|	SELECT *
				FROM user
				WHERE user_id = '6'	
2020-03-13 11:03:46	7	localhost	/project/controller/Api.php	|	SELECT *
				FROM chat
				WHERE (chat_sender = '7' AND chat_reciever = '6') OR (chat_sender = '6' AND chat_reciever = '7')
				ORDER BY chat_time ASC	
2020-03-13 11:03:57	7	localhost	/project/controller/Api.php	|	SELECT user_id,user_name_tmp,user_fname,user_lname,user_picture
				FROM user
				where user_fname like 's%' 
				or user_lname like 's%' 
				or concat(user_fname,' ',user_lname) like 's%'	
2020-03-13 11:03:58	7	localhost	/project/controller/Api.php?userid=6	|	SELECT *
				FROM user
				WHERE user_id = '6'	
2020-03-13 11:03:58	7	localhost	/project/controller/Api.php	|	SELECT *
				FROM chat
				WHERE (chat_sender = '7' AND chat_reciever = '6') OR (chat_sender = '6' AND chat_reciever = '7')
				ORDER BY chat_time ASC	
2020-03-13 11:03:08	7	localhost	/project/controller/Api.php	|	INSERT INTO chat(chat_sender,chat_reciever,chat_message)
				VALUES('7', '6', '&lt;h1&gt;test&lt;/h1&gt;')	
2020-03-13 11:03:08	7	localhost	/project/controller/Api.php	|	SELECT *
				FROM chat
				WHERE (chat_sender = '7' AND chat_reciever = '6') OR (chat_sender = '6' AND chat_reciever = '7')
				ORDER BY chat_time ASC	
2020-03-13 11:03:56	7	localhost	/project/controller/Api.php	|	SELECT user_id,user_name_tmp,user_fname,user_lname,user_picture
				FROM user
				where user_fname like 's%' 
				or user_lname like 's%' 
				or concat(user_fname,' ',user_lname) like 's%'	
2020-03-13 11:03:57	7	localhost	/project/controller/Api.php?userid=6	|	SELECT *
				FROM user
				WHERE user_id = '6'	
2020-03-13 11:03:57	7	localhost	/project/controller/Api.php	|	SELECT *
				FROM chat
				WHERE (chat_sender = '7' AND chat_reciever = '6') OR (chat_sender = '6' AND chat_reciever = '7')
				ORDER BY chat_time ASC	
2020-03-13 11:03:12	7	localhost	/project/controller/Api.php	|	SELECT user_id,user_name_tmp,user_fname,user_lname,user_picture
				FROM user
				where user_fname like 's%' 
				or user_lname like 's%' 
				or concat(user_fname,' ',user_lname) like 's%'	
2020-03-13 11:03:13	7	localhost	/project/controller/Api.php?userid=6	|	SELECT *
				FROM user
				WHERE user_id = '6'	
2020-03-13 11:03:13	7	localhost	/project/controller/Api.php	|	SELECT *
				FROM chat
				WHERE (chat_sender = '7' AND chat_reciever = '6') OR (chat_sender = '6' AND chat_reciever = '7')
				ORDER BY chat_time ASC	
2020-03-13 11:03:22	7	localhost	/project/controller/Api.php	|	INSERT INTO chat(chat_sender,chat_reciever,chat_message)
				VALUES('7', '6', '&lt;b&gt;&lt;55555/b&gt;')	
2020-03-13 11:03:22	7	localhost	/project/controller/Api.php	|	SELECT *
				FROM chat
				WHERE (chat_sender = '7' AND chat_reciever = '6') OR (chat_sender = '6' AND chat_reciever = '7')
				ORDER BY chat_time ASC	
