2020-03-12 16:03:07	localhost	/project/controller/Api.php?userid=	|	SELECT *
				FROM user
				WHERE user_id = ''	
2020-03-12 16:03:12	localhost	/project/controller/Login.php	|	SELECT user_id,user_name,user_name_tmp
				FROM user 
				WHERE user_name = 'natcha' AND user_password = 'natcha'	
2020-03-12 16:03:12	localhost	/project/controller/Api.php?userid=7	|	SELECT *
				FROM user
				WHERE user_id = '7'	
2020-03-12 16:03:19	localhost	/project/controller/Api.php?userid=7	|	SELECT *
				FROM user
				WHERE user_id = '7'	
2020-03-12 16:03:44	localhost	/project/controller/Api.php?userid=7	|	SELECT *
				FROM user
				WHERE user_id = '7'	
2020-03-12 16:03:45	localhost	/project/controller/Api.php?userid=7	|	SELECT *
				FROM user
				WHERE user_id = '7'	
2020-03-12 16:03:51	localhost	/project/controller/Login.php	|	SELECT user_id,user_name,user_name_tmp
				FROM user 
				WHERE user_name = 'natcha' AND user_password = 'natcha'	
2020-03-12 16:03:51	localhost	/project/controller/Api.php?userid=7	|	SELECT *
				FROM user
				WHERE user_id = '7'	
2020-03-12 16:03:48	localhost	/project/controller/Login.php	|	SELECT user_id,user_name,user_name_tmp
				FROM user 
				WHERE user_name = 'natcha' AND user_password = 'natcha'	
2020-03-12 16:03:48	localhost	/project/controller/Api.php?userid=7	|	SELECT *
				FROM user
				WHERE user_id = '7'	
2020-03-12 16:03:33	localhost	/project/controller/Api.php?userid=7	|	SELECT *
				FROM user
				WHERE user_id = '7'	
2020-03-12 16:03:11	localhost	/project/controller/Api.php?userid=7	|	SELECT *
				FROM user
				WHERE user_id = '7'	
2020-03-12 16:03:23	localhost	/project/controller/Api.php?userid=7	|	SELECT *
				FROM user
				WHERE user_id = '7'	
2020-03-12 16:03:17	localhost	/project/controller/Api.php?userid=7	|	SELECT *
				FROM user
				WHERE user_id = '7'	
2020-03-12 16:03:43	localhost	/project/controller/Api.php?userid=7	|	SELECT *
				FROM user
				WHERE user_id = '7'	
2020-03-12 16:03:44	localhost	/project/controller/Api.php?userid=7	|	SELECT *
				FROM user
				WHERE user_id = '7'	
2020-03-12 16:03:42	localhost	/project/controller/Api.php?userid=7	|	SELECT *
				FROM user
				WHERE user_id = '7'	
2020-03-12 22:03:28	localhost	/project/controller/Api.php?userid=7	|	SELECT *
				FROM user
				WHERE user_id = '7'	
2020-03-12 22:03:38	localhost	/project/controller/Api.php?userid=7	|	SELECT *
				FROM user
				WHERE user_id = '7'	
2020-03-12 22:03:38	localhost	/project/controller/Api.php?userid=7	|	SELECT *
				FROM user
				WHERE user_id = '7'	
2020-03-12 23:03:18	localhost	/project/controller/Api.php?userid=7	|	SELECT *
				FROM user
				WHERE user_id = '7'	
2020-03-12 23:03:03	localhost	/project/controller/Api.php?userid=7	|	SELECT *
				FROM user
				WHERE user_id = '7'	
2020-03-12 23:03:03	localhost	/project/controller/Api.php?userid=	|	SELECT *
				FROM user
				WHERE user_id = ''	
2020-03-12 23:03:13	localhost	/project/controller/Api.php?userid=7	|	SELECT *
				FROM user
				WHERE user_id = '7'	
2020-03-12 23:03:13	localhost	/project/controller/Api.php?userid=	|	SELECT *
				FROM user
				WHERE user_id = ''	
2020-03-12 23:03:37	localhost	/project/controller/Api.php?userid=7	|	SELECT *
				FROM user
				WHERE user_id = '7'	
2020-03-12 23:03:37	localhost	/project/controller/Api.php?userid=	|	SELECT *
				FROM user
				WHERE user_id = ''	
2020-03-12 23:03:27	localhost	/project/controller/Api.php?userid=7	|	SELECT *
				FROM user
				WHERE user_id = '7'	
2020-03-12 23:03:41	localhost	/project/controller/Api.php?userid=7	|	SELECT *
				FROM user
				WHERE user_id = '7'	
2020-03-12 23:03:39	localhost	/project/controller/Api.php?userid=7	|	SELECT *
				FROM user
				WHERE user_id = '7'	
2020-03-12 23:03:58	localhost	/project/controller/Api.php?userid=7	|	SELECT *
				FROM user
				WHERE user_id = '7'	
2020-03-12 23:03:44	localhost	/project/controller/Api.php?userid=7	|	SELECT *
				FROM user
				WHERE user_id = '7'	
2020-03-12 23:03:38	localhost	/project/controller/Api.php?userid=7	|	SELECT *
				FROM user
				WHERE user_id = '7'	
2020-03-12 23:03:17	localhost	/project/controller/Api.php?userid=7	|	SELECT *
				FROM user
				WHERE user_id = '7'	
2020-03-12 23:03:26	localhost	/project/controller/Api.php?userid=7	|	SELECT *
				FROM user
				WHERE user_id = '7'	
2020-03-12 23:03:38	localhost	/project/controller/Api.php?userid=7	|	SELECT *
				FROM user
				WHERE user_id = '7'	
2020-03-12 23:03:52	localhost	/project/controller/Api.php?userid=7	|	SELECT *
				FROM user
				WHERE user_id = '7'	
2020-03-12 23:03:56	localhost	/project/controller/Api.php?userid=7	|	SELECT *
				FROM user
				WHERE user_id = '7'	
2020-03-12 23:03:59	localhost	/project/controller/Api.php?userid=7	|	SELECT *
				FROM user
				WHERE user_id = '7'	
2020-03-12 23:03:26	localhost	/project/controller/Api.php?userid=7	|	SELECT *
				FROM user
				WHERE user_id = '7'	
2020-03-12 23:03:26	localhost	/project/controller/Api.php?userid=	|	SELECT *
				FROM user
				WHERE user_id = ''	
2020-03-12 23:03:00	localhost	/project/controller/Api.php?userid=7	|	SELECT *
				FROM user
				WHERE user_id = '7'	
2020-03-12 23:03:00	localhost	/project/controller/Api.php?userid=6	|	SELECT *
				FROM user
				WHERE user_id = '6'	
2020-03-12 23:03:17	localhost	/project/controller/Api.php?userid=7	|	SELECT *
				FROM user
				WHERE user_id = '7'	
2020-03-12 23:03:17	localhost	/project/controller/Api.php?userid=6	|	SELECT *
				FROM user
				WHERE user_id = '6'	
2020-03-12 23:03:16	localhost	/project/controller/Api.php?userid=7	|	SELECT *
				FROM user
				WHERE user_id = '7'	
2020-03-12 23:03:49	localhost	/project/controller/Api.php?userid=7	|	SELECT *
				FROM user
				WHERE user_id = '7'	
2020-03-12 23:03:30	localhost	/project/controller/Api.php?userid=7	|	SELECT *
				FROM user
				WHERE user_id = '7'	
2020-03-12 23:03:46	localhost	/project/controller/Api.php?userid=7	|	SELECT *
				FROM user
				WHERE user_id = '7'	
2020-03-12 23:03:53	localhost	/project/controller/Api.php?userid=7	|	SELECT *
				FROM user
				WHERE user_id = '7'	
2020-03-12 23:03:39	localhost	/project/controller/Api.php?userid=7	|	SELECT *
				FROM user
				WHERE user_id = '7'	
2020-03-12 23:03:57	localhost	/project/controller/Api.php?userid=7	|	SELECT *
				FROM user
				WHERE user_id = '7'	
2020-03-12 23:03:00	localhost	/project/controller/Api.php?userid=7	|	SELECT *
				FROM user
				WHERE user_id = '7'	
